2024-06-19 14:06:19,129 [Worker-0: Loading available Gradle versions] INFO  o.e.b.c.i.u.g.PublishedGradleVersions - Gradle version information cache is up-to-date. Trying to read.
2024-06-19 14:18:09,447 [Worker-0: Loading available Gradle versions] INFO  o.e.b.c.i.u.g.PublishedGradleVersions - Gradle version information cache is up-to-date. Trying to read.
2024-06-19 14:22:19,798 [ModalContext] INFO  o.e.m.c.i.e.AbstractTransferListenerAdapter - Downloading https://repo.maven.apache.org/maven2/org/apache/maven/archetypes/maven-archetype-quickstart/1.1/maven-archetype-quickstart-1.1.pom
2024-06-19 14:22:19,810 [ModalContext] INFO  o.e.m.c.i.e.AbstractTransferListenerAdapter - Downloaded https://repo.maven.apache.org/maven2/org/apache/maven/archetypes/maven-archetype-quickstart/1.1/maven-archetype-quickstart-1.1.pom
2024-06-19 14:22:19,835 [ModalContext] INFO  o.e.m.c.i.e.AbstractTransferListenerAdapter - Downloading https://repo.maven.apache.org/maven2/org/apache/maven/archetypes/maven-archetype-bundles/4/maven-archetype-bundles-4.pom
2024-06-19 14:22:19,839 [ModalContext] INFO  o.e.m.c.i.e.AbstractTransferListenerAdapter - Downloaded https://repo.maven.apache.org/maven2/org/apache/maven/archetypes/maven-archetype-bundles/4/maven-archetype-bundles-4.pom
2024-06-19 14:22:19,856 [ModalContext] INFO  o.e.m.c.i.e.AbstractTransferListenerAdapter - Downloading https://repo.maven.apache.org/maven2/org/apache/maven/archetype/maven-archetype/2.0-alpha-5/maven-archetype-2.0-alpha-5.pom
2024-06-19 14:22:19,861 [ModalContext] INFO  o.e.m.c.i.e.AbstractTransferListenerAdapter - Downloaded https://repo.maven.apache.org/maven2/org/apache/maven/archetype/maven-archetype/2.0-alpha-5/maven-archetype-2.0-alpha-5.pom
2024-06-19 14:22:19,874 [ModalContext] INFO  o.e.m.c.i.e.AbstractTransferListenerAdapter - Downloading https://repo.maven.apache.org/maven2/org/apache/maven/maven-parent/16/maven-parent-16.pom
2024-06-19 14:22:19,882 [ModalContext] INFO  o.e.m.c.i.e.AbstractTransferListenerAdapter - Downloaded https://repo.maven.apache.org/maven2/org/apache/maven/maven-parent/16/maven-parent-16.pom
2024-06-19 14:22:19,931 [ModalContext] INFO  o.e.m.c.i.e.AbstractTransferListenerAdapter - Downloading https://repo.maven.apache.org/maven2/org/apache/maven/archetypes/maven-archetype-quickstart/1.1/maven-archetype-quickstart-1.1.jar
2024-06-19 14:22:19,934 [ModalContext] INFO  o.e.m.c.i.e.AbstractTransferListenerAdapter - Downloaded https://repo.maven.apache.org/maven2/org/apache/maven/archetypes/maven-archetype-quickstart/1.1/maven-archetype-quickstart-1.1.jar
2024-06-19 14:23:44,252 [Worker-13: Launching mavenrun-989879fc-7692-4d32-9eb1-1befab8713ef] INFO  o.eclipse.m2e.core.internal.Bundles - getClasspathEntries(Bundle=org.eclipse.m2e.maven.runtime_3.9.700.20240602-2313 [297])
2024-06-19 14:23:44,253 [Worker-13: Launching mavenrun-989879fc-7692-4d32-9eb1-1befab8713ef] INFO  o.eclipse.m2e.core.internal.Bundles - 	Entry: C:\Users\naman\.p2\pool\plugins\org.eclipse.m2e.maven.runtime_3.9.700.20240602-2313
2024-06-19 14:23:44,253 [Worker-13: Launching mavenrun-989879fc-7692-4d32-9eb1-1befab8713ef] INFO  o.eclipse.m2e.core.internal.Bundles - 	Entry: C:\Users\naman\.p2\pool\plugins\org.eclipse.m2e.maven.runtime_3.9.700.20240602-2313\jars\aopalliance-1.0.jar
2024-06-19 14:23:44,253 [Worker-13: Launching mavenrun-989879fc-7692-4d32-9eb1-1befab8713ef] INFO  o.eclipse.m2e.core.internal.Bundles - 	Entry: C:\Users\naman\.p2\pool\plugins\org.eclipse.m2e.maven.runtime_3.9.700.20240602-2313\jars\guice-5.1.0.jar
2024-06-19 14:23:44,254 [Worker-13: Launching mavenrun-989879fc-7692-4d32-9eb1-1befab8713ef] INFO  o.eclipse.m2e.core.internal.Bundles - 	Entry: C:\Users\naman\.p2\pool\plugins\org.eclipse.m2e.maven.runtime_3.9.700.20240602-2313\jars\httpclient-4.5.14.jar
2024-06-19 14:23:44,254 [Worker-13: Launching mavenrun-989879fc-7692-4d32-9eb1-1befab8713ef] INFO  o.eclipse.m2e.core.internal.Bundles - 	Entry: C:\Users\naman\.p2\pool\plugins\org.eclipse.m2e.maven.runtime_3.9.700.20240602-2313\jars\httpcore-4.4.16.jar
2024-06-19 14:23:44,254 [Worker-13: Launching mavenrun-989879fc-7692-4d32-9eb1-1befab8713ef] INFO  o.eclipse.m2e.core.internal.Bundles - 	Entry: C:\Users\naman\.p2\pool\plugins\org.eclipse.m2e.maven.runtime_3.9.700.20240602-2313\jars\jansi-2.4.1.jar
2024-06-19 14:23:44,254 [Worker-13: Launching mavenrun-989879fc-7692-4d32-9eb1-1befab8713ef] INFO  o.eclipse.m2e.core.internal.Bundles - 	Entry: C:\Users\naman\.p2\pool\plugins\org.eclipse.m2e.maven.runtime_3.9.700.20240602-2313\jars\jcl-over-slf4j-1.7.36.jar
2024-06-19 14:23:44,254 [Worker-13: Launching mavenrun-989879fc-7692-4d32-9eb1-1befab8713ef] INFO  o.eclipse.m2e.core.internal.Bundles - 	Entry: C:\Users\naman\.p2\pool\plugins\org.eclipse.m2e.maven.runtime_3.9.700.20240602-2313\jars\maven-artifact-3.9.7.jar
2024-06-19 14:23:44,254 [Worker-13: Launching mavenrun-989879fc-7692-4d32-9eb1-1befab8713ef] INFO  o.eclipse.m2e.core.internal.Bundles - 	Entry: C:\Users\naman\.p2\pool\plugins\org.eclipse.m2e.maven.runtime_3.9.700.20240602-2313\jars\maven-builder-support-3.9.7.jar
2024-06-19 14:23:44,254 [Worker-13: Launching mavenrun-989879fc-7692-4d32-9eb1-1befab8713ef] INFO  o.eclipse.m2e.core.internal.Bundles - 	Entry: C:\Users\naman\.p2\pool\plugins\org.eclipse.m2e.maven.runtime_3.9.700.20240602-2313\jars\maven-compat-3.9.7.jar
2024-06-19 14:23:44,256 [Worker-13: Launching mavenrun-989879fc-7692-4d32-9eb1-1befab8713ef] INFO  o.eclipse.m2e.core.internal.Bundles - 	Entry: C:\Users\naman\.p2\pool\plugins\org.eclipse.m2e.maven.runtime_3.9.700.20240602-2313\jars\maven-core-3.9.7.jar
2024-06-19 14:23:44,256 [Worker-13: Launching mavenrun-989879fc-7692-4d32-9eb1-1befab8713ef] INFO  o.eclipse.m2e.core.internal.Bundles - 	Entry: C:\Users\naman\.p2\pool\plugins\org.eclipse.m2e.maven.runtime_3.9.700.20240602-2313\jars\maven-embedder-3.9.7.jar
2024-06-19 14:23:44,256 [Worker-13: Launching mavenrun-989879fc-7692-4d32-9eb1-1befab8713ef] INFO  o.eclipse.m2e.core.internal.Bundles - 	Entry: C:\Users\naman\.p2\pool\plugins\org.eclipse.m2e.maven.runtime_3.9.700.20240602-2313\jars\maven-model-3.9.7.jar
2024-06-19 14:23:44,256 [Worker-13: Launching mavenrun-989879fc-7692-4d32-9eb1-1befab8713ef] INFO  o.eclipse.m2e.core.internal.Bundles - 	Entry: C:\Users\naman\.p2\pool\plugins\org.eclipse.m2e.maven.runtime_3.9.700.20240602-2313\jars\maven-model-builder-3.9.7.jar
2024-06-19 14:23:44,256 [Worker-13: Launching mavenrun-989879fc-7692-4d32-9eb1-1befab8713ef] INFO  o.eclipse.m2e.core.internal.Bundles - 	Entry: C:\Users\naman\.p2\pool\plugins\org.eclipse.m2e.maven.runtime_3.9.700.20240602-2313\jars\maven-plugin-api-3.9.7.jar
2024-06-19 14:23:44,257 [Worker-13: Launching mavenrun-989879fc-7692-4d32-9eb1-1befab8713ef] INFO  o.eclipse.m2e.core.internal.Bundles - 	Entry: C:\Users\naman\.p2\pool\plugins\org.eclipse.m2e.maven.runtime_3.9.700.20240602-2313\jars\maven-repository-metadata-3.9.7.jar
2024-06-19 14:23:44,257 [Worker-13: Launching mavenrun-989879fc-7692-4d32-9eb1-1befab8713ef] INFO  o.eclipse.m2e.core.internal.Bundles - 	Entry: C:\Users\naman\.p2\pool\plugins\org.eclipse.m2e.maven.runtime_3.9.700.20240602-2313\jars\maven-resolver-api-1.9.20.jar
2024-06-19 14:23:44,257 [Worker-13: Launching mavenrun-989879fc-7692-4d32-9eb1-1befab8713ef] INFO  o.eclipse.m2e.core.internal.Bundles - 	Entry: C:\Users\naman\.p2\pool\plugins\org.eclipse.m2e.maven.runtime_3.9.700.20240602-2313\jars\maven-resolver-connector-basic-1.9.20.jar
2024-06-19 14:23:44,257 [Worker-13: Launching mavenrun-989879fc-7692-4d32-9eb1-1befab8713ef] INFO  o.eclipse.m2e.core.internal.Bundles - 	Entry: C:\Users\naman\.p2\pool\plugins\org.eclipse.m2e.maven.runtime_3.9.700.20240602-2313\jars\maven-resolver-impl-1.9.20.jar
2024-06-19 14:23:44,257 [Worker-13: Launching mavenrun-989879fc-7692-4d32-9eb1-1befab8713ef] INFO  o.eclipse.m2e.core.internal.Bundles - 	Entry: C:\Users\naman\.p2\pool\plugins\org.eclipse.m2e.maven.runtime_3.9.700.20240602-2313\jars\maven-resolver-named-locks-1.9.20.jar
2024-06-19 14:23:44,257 [Worker-13: Launching mavenrun-989879fc-7692-4d32-9eb1-1befab8713ef] INFO  o.eclipse.m2e.core.internal.Bundles - 	Entry: C:\Users\naman\.p2\pool\plugins\org.eclipse.m2e.maven.runtime_3.9.700.20240602-2313\jars\maven-resolver-provider-3.9.7.jar
2024-06-19 14:23:44,257 [Worker-13: Launching mavenrun-989879fc-7692-4d32-9eb1-1befab8713ef] INFO  o.eclipse.m2e.core.internal.Bundles - 	Entry: C:\Users\naman\.p2\pool\plugins\org.eclipse.m2e.maven.runtime_3.9.700.20240602-2313\jars\maven-resolver-spi-1.9.20.jar
2024-06-19 14:23:44,258 [Worker-13: Launching mavenrun-989879fc-7692-4d32-9eb1-1befab8713ef] INFO  o.eclipse.m2e.core.internal.Bundles - 	Entry: C:\Users\naman\.p2\pool\plugins\org.eclipse.m2e.maven.runtime_3.9.700.20240602-2313\jars\maven-resolver-transport-file-1.9.20.jar
2024-06-19 14:23:44,258 [Worker-13: Launching mavenrun-989879fc-7692-4d32-9eb1-1befab8713ef] INFO  o.eclipse.m2e.core.internal.Bundles - 	Entry: C:\Users\naman\.p2\pool\plugins\org.eclipse.m2e.maven.runtime_3.9.700.20240602-2313\jars\maven-resolver-transport-http-1.9.20.jar
2024-06-19 14:23:44,258 [Worker-13: Launching mavenrun-989879fc-7692-4d32-9eb1-1befab8713ef] INFO  o.eclipse.m2e.core.internal.Bundles - 	Entry: C:\Users\naman\.p2\pool\plugins\org.eclipse.m2e.maven.runtime_3.9.700.20240602-2313\jars\maven-resolver-transport-wagon-1.9.20.jar
2024-06-19 14:23:44,258 [Worker-13: Launching mavenrun-989879fc-7692-4d32-9eb1-1befab8713ef] INFO  o.eclipse.m2e.core.internal.Bundles - 	Entry: C:\Users\naman\.p2\pool\plugins\org.eclipse.m2e.maven.runtime_3.9.700.20240602-2313\jars\maven-resolver-util-1.9.20.jar
2024-06-19 14:23:44,258 [Worker-13: Launching mavenrun-989879fc-7692-4d32-9eb1-1befab8713ef] INFO  o.eclipse.m2e.core.internal.Bundles - 	Entry: C:\Users\naman\.p2\pool\plugins\org.eclipse.m2e.maven.runtime_3.9.700.20240602-2313\jars\maven-settings-3.9.7.jar
2024-06-19 14:23:44,258 [Worker-13: Launching mavenrun-989879fc-7692-4d32-9eb1-1befab8713ef] INFO  o.eclipse.m2e.core.internal.Bundles - 	Entry: C:\Users\naman\.p2\pool\plugins\org.eclipse.m2e.maven.runtime_3.9.700.20240602-2313\jars\maven-settings-builder-3.9.7.jar
2024-06-19 14:23:44,258 [Worker-13: Launching mavenrun-989879fc-7692-4d32-9eb1-1befab8713ef] INFO  o.eclipse.m2e.core.internal.Bundles - 	Entry: C:\Users\naman\.p2\pool\plugins\org.eclipse.m2e.maven.runtime_3.9.700.20240602-2313\jars\maven-shared-utils-3.4.2.jar
2024-06-19 14:23:44,259 [Worker-13: Launching mavenrun-989879fc-7692-4d32-9eb1-1befab8713ef] INFO  o.eclipse.m2e.core.internal.Bundles - 	Entry: C:\Users\naman\.p2\pool\plugins\org.eclipse.m2e.maven.runtime_3.9.700.20240602-2313\jars\org.eclipse.sisu.inject-0.9.0.M2.jar
2024-06-19 14:23:44,259 [Worker-13: Launching mavenrun-989879fc-7692-4d32-9eb1-1befab8713ef] INFO  o.eclipse.m2e.core.internal.Bundles - 	Entry: C:\Users\naman\.p2\pool\plugins\org.eclipse.m2e.maven.runtime_3.9.700.20240602-2313\jars\org.eclipse.sisu.plexus-0.9.0.M2.jar
2024-06-19 14:23:44,259 [Worker-13: Launching mavenrun-989879fc-7692-4d32-9eb1-1befab8713ef] INFO  o.eclipse.m2e.core.internal.Bundles - 	Entry: C:\Users\naman\.p2\pool\plugins\org.eclipse.m2e.maven.runtime_3.9.700.20240602-2313\jars\plexus-build-api-0.0.7.jar
2024-06-19 14:23:44,260 [Worker-13: Launching mavenrun-989879fc-7692-4d32-9eb1-1befab8713ef] INFO  o.eclipse.m2e.core.internal.Bundles - 	Entry: C:\Users\naman\.p2\pool\plugins\org.eclipse.m2e.maven.runtime_3.9.700.20240602-2313\jars\plexus-build-api-1.2.0.jar
2024-06-19 14:23:44,260 [Worker-13: Launching mavenrun-989879fc-7692-4d32-9eb1-1befab8713ef] INFO  o.eclipse.m2e.core.internal.Bundles - 	Entry: C:\Users\naman\.p2\pool\plugins\org.eclipse.m2e.maven.runtime_3.9.700.20240602-2313\jars\plexus-cipher-2.0.jar
2024-06-19 14:23:44,260 [Worker-13: Launching mavenrun-989879fc-7692-4d32-9eb1-1befab8713ef] INFO  o.eclipse.m2e.core.internal.Bundles - 	Entry: C:\Users\naman\.p2\pool\plugins\org.eclipse.m2e.maven.runtime_3.9.700.20240602-2313\jars\plexus-classworlds-2.8.0.jar
2024-06-19 14:23:44,260 [Worker-13: Launching mavenrun-989879fc-7692-4d32-9eb1-1befab8713ef] INFO  o.eclipse.m2e.core.internal.Bundles - 	Entry: C:\Users\naman\.p2\pool\plugins\org.eclipse.m2e.maven.runtime_3.9.700.20240602-2313\jars\plexus-component-annotations-2.1.0.jar
2024-06-19 14:23:44,260 [Worker-13: Launching mavenrun-989879fc-7692-4d32-9eb1-1befab8713ef] INFO  o.eclipse.m2e.core.internal.Bundles - 	Entry: C:\Users\naman\.p2\pool\plugins\org.eclipse.m2e.maven.runtime_3.9.700.20240602-2313\jars\plexus-interpolation-1.27.jar
2024-06-19 14:23:44,261 [Worker-13: Launching mavenrun-989879fc-7692-4d32-9eb1-1befab8713ef] INFO  o.eclipse.m2e.core.internal.Bundles - 	Entry: C:\Users\naman\.p2\pool\plugins\org.eclipse.m2e.maven.runtime_3.9.700.20240602-2313\jars\plexus-sec-dispatcher-2.0.jar
2024-06-19 14:23:44,263 [Worker-13: Launching mavenrun-989879fc-7692-4d32-9eb1-1befab8713ef] INFO  o.eclipse.m2e.core.internal.Bundles - 	Entry: C:\Users\naman\.p2\pool\plugins\org.eclipse.m2e.maven.runtime_3.9.700.20240602-2313\jars\plexus-utils-3.5.1.jar
2024-06-19 14:23:44,263 [Worker-13: Launching mavenrun-989879fc-7692-4d32-9eb1-1befab8713ef] INFO  o.eclipse.m2e.core.internal.Bundles - 	Entry: C:\Users\naman\.p2\pool\plugins\org.eclipse.m2e.maven.runtime_3.9.700.20240602-2313\jars\wagon-file-3.5.3.jar
2024-06-19 14:23:44,264 [Worker-13: Launching mavenrun-989879fc-7692-4d32-9eb1-1befab8713ef] INFO  o.eclipse.m2e.core.internal.Bundles - 	Entry: C:\Users\naman\.p2\pool\plugins\org.eclipse.m2e.maven.runtime_3.9.700.20240602-2313\jars\wagon-http-3.5.3.jar
2024-06-19 14:23:44,264 [Worker-13: Launching mavenrun-989879fc-7692-4d32-9eb1-1befab8713ef] INFO  o.eclipse.m2e.core.internal.Bundles - 	Entry: C:\Users\naman\.p2\pool\plugins\org.eclipse.m2e.maven.runtime_3.9.700.20240602-2313\jars\wagon-http-shared-3.5.3.jar
2024-06-19 14:23:44,264 [Worker-13: Launching mavenrun-989879fc-7692-4d32-9eb1-1befab8713ef] INFO  o.eclipse.m2e.core.internal.Bundles - 	Entry: C:\Users\naman\.p2\pool\plugins\org.eclipse.m2e.maven.runtime_3.9.700.20240602-2313\jars\wagon-provider-api-3.5.3.jar
2024-06-19 14:23:44,265 [Worker-13: Launching mavenrun-989879fc-7692-4d32-9eb1-1befab8713ef] INFO  o.eclipse.m2e.core.internal.Bundles - getClasspathEntries(Bundle=com.google.guava_33.2.0.jre [10])
2024-06-19 14:23:44,266 [Worker-13: Launching mavenrun-989879fc-7692-4d32-9eb1-1befab8713ef] INFO  o.eclipse.m2e.core.internal.Bundles - 	Entry: C:\Users\naman\.p2\pool\plugins\com.google.guava_33.2.0.jre.jar
2024-06-19 14:23:44,266 [Worker-13: Launching mavenrun-989879fc-7692-4d32-9eb1-1befab8713ef] INFO  o.eclipse.m2e.core.internal.Bundles - getClasspathEntries(Bundle=slf4j.api_2.0.13 [518])
2024-06-19 14:23:44,266 [Worker-13: Launching mavenrun-989879fc-7692-4d32-9eb1-1befab8713ef] INFO  o.eclipse.m2e.core.internal.Bundles - 	Entry: C:\Users\naman\.p2\pool\plugins\slf4j.api_2.0.13.jar
2024-06-19 14:23:44,266 [Worker-13: Launching mavenrun-989879fc-7692-4d32-9eb1-1befab8713ef] INFO  o.eclipse.m2e.core.internal.Bundles - getClasspathEntries(Bundle=jakarta.inject.jakarta.inject-api_1.0.5 [21])
2024-06-19 14:23:44,267 [Worker-13: Launching mavenrun-989879fc-7692-4d32-9eb1-1befab8713ef] INFO  o.eclipse.m2e.core.internal.Bundles - 	Entry: C:\Users\naman\.p2\pool\plugins\jakarta.inject.jakarta.inject-api_1.0.5.jar
2024-06-19 14:23:44,267 [Worker-13: Launching mavenrun-989879fc-7692-4d32-9eb1-1befab8713ef] INFO  o.eclipse.m2e.core.internal.Bundles - getClasspathEntries(Bundle=javax.annotation_1.3.5.v20200909-1856 [24])
2024-06-19 14:23:44,267 [Worker-13: Launching mavenrun-989879fc-7692-4d32-9eb1-1befab8713ef] INFO  o.eclipse.m2e.core.internal.Bundles - 	Entry: C:\Users\naman\.p2\pool\plugins\javax.annotation_1.3.5.v20200909-1856.jar
2024-06-19 14:23:44,267 [Worker-13: Launching mavenrun-989879fc-7692-4d32-9eb1-1befab8713ef] INFO  o.eclipse.m2e.core.internal.Bundles - getClasspathEntries(Bundle=org.apache.commons.cli_1.8.0 [47])
2024-06-19 14:23:44,267 [Worker-13: Launching mavenrun-989879fc-7692-4d32-9eb1-1befab8713ef] INFO  o.eclipse.m2e.core.internal.Bundles - 	Entry: C:\Users\naman\.p2\pool\plugins\org.apache.commons.cli_1.8.0.jar
2024-06-19 14:23:44,267 [Worker-13: Launching mavenrun-989879fc-7692-4d32-9eb1-1befab8713ef] INFO  o.eclipse.m2e.core.internal.Bundles - getClasspathEntries(Bundle=org.apache.commons.commons-codec_1.16.0 [48])
2024-06-19 14:23:44,268 [Worker-13: Launching mavenrun-989879fc-7692-4d32-9eb1-1befab8713ef] INFO  o.eclipse.m2e.core.internal.Bundles - 	Entry: C:\Users\naman\.p2\pool\plugins\org.apache.commons.commons-codec_1.16.0.jar
2024-06-19 14:23:44,268 [Worker-13: Launching mavenrun-989879fc-7692-4d32-9eb1-1befab8713ef] INFO  o.eclipse.m2e.core.internal.Bundles - getClasspathEntries(Bundle=org.apache.commons.lang3_3.14.0 [54])
2024-06-19 14:23:44,268 [Worker-13: Launching mavenrun-989879fc-7692-4d32-9eb1-1befab8713ef] INFO  o.eclipse.m2e.core.internal.Bundles - 	Entry: C:\Users\naman\.p2\pool\plugins\org.apache.commons.lang3_3.14.0.jar
2024-06-19 14:23:44,268 [Worker-13: Launching mavenrun-989879fc-7692-4d32-9eb1-1befab8713ef] INFO  o.eclipse.m2e.core.internal.Bundles - getClasspathEntries(Bundle=com.google.guava.failureaccess_1.0.2 [11])
2024-06-19 14:23:44,269 [Worker-13: Launching mavenrun-989879fc-7692-4d32-9eb1-1befab8713ef] INFO  o.eclipse.m2e.core.internal.Bundles - 	Entry: C:\Users\naman\.p2\pool\plugins\com.google.guava.failureaccess_1.0.2.jar
2024-06-19 14:23:44,274 [Worker-13: Launching mavenrun-989879fc-7692-4d32-9eb1-1befab8713ef] INFO  o.e.m.i.launch.MavenLaunchDelegate - Run build in "C:\Users\naman\AppData\Local\Temp\m2e-archetypeGenerator11721720622162539470":
2024-06-19 14:23:44,278 [Worker-13: Launching mavenrun-989879fc-7692-4d32-9eb1-1befab8713ef] INFO  o.e.m.i.launch.MavenLaunchDelegate -  mvn  -DarchetypeGroupId=org.apache.maven.archetypes -DarchetypeArtifactId=maven-archetype-quickstart -DarchetypeVersion=1.1 -DgroupId=com.example -DartifactId=demo -Dversion=0.0.1-SNAPSHOT -Dpackage=com.example.demo -DoutputDirectory="D:\Automation testing\SeleniumFrameworkDesign" -Dstyle.color=always -U archetype:generate
2024-06-19 14:24:55,222 [Worker-10: Launching mavenrun-42b81502-ee59-47e7-9d23-13a4b2e6d058] INFO  o.eclipse.m2e.core.internal.Bundles - getClasspathEntries(Bundle=org.eclipse.m2e.maven.runtime_3.9.700.20240602-2313 [297])
2024-06-19 14:24:55,223 [Worker-10: Launching mavenrun-42b81502-ee59-47e7-9d23-13a4b2e6d058] INFO  o.eclipse.m2e.core.internal.Bundles - 	Entry: C:\Users\naman\.p2\pool\plugins\org.eclipse.m2e.maven.runtime_3.9.700.20240602-2313
2024-06-19 14:24:55,223 [Worker-10: Launching mavenrun-42b81502-ee59-47e7-9d23-13a4b2e6d058] INFO  o.eclipse.m2e.core.internal.Bundles - 	Entry: C:\Users\naman\.p2\pool\plugins\org.eclipse.m2e.maven.runtime_3.9.700.20240602-2313\jars\aopalliance-1.0.jar
2024-06-19 14:24:55,223 [Worker-10: Launching mavenrun-42b81502-ee59-47e7-9d23-13a4b2e6d058] INFO  o.eclipse.m2e.core.internal.Bundles - 	Entry: C:\Users\naman\.p2\pool\plugins\org.eclipse.m2e.maven.runtime_3.9.700.20240602-2313\jars\guice-5.1.0.jar
2024-06-19 14:24:55,224 [Worker-10: Launching mavenrun-42b81502-ee59-47e7-9d23-13a4b2e6d058] INFO  o.eclipse.m2e.core.internal.Bundles - 	Entry: C:\Users\naman\.p2\pool\plugins\org.eclipse.m2e.maven.runtime_3.9.700.20240602-2313\jars\httpclient-4.5.14.jar
2024-06-19 14:24:55,224 [Worker-10: Launching mavenrun-42b81502-ee59-47e7-9d23-13a4b2e6d058] INFO  o.eclipse.m2e.core.internal.Bundles - 	Entry: C:\Users\naman\.p2\pool\plugins\org.eclipse.m2e.maven.runtime_3.9.700.20240602-2313\jars\httpcore-4.4.16.jar
2024-06-19 14:24:55,224 [Worker-10: Launching mavenrun-42b81502-ee59-47e7-9d23-13a4b2e6d058] INFO  o.eclipse.m2e.core.internal.Bundles - 	Entry: C:\Users\naman\.p2\pool\plugins\org.eclipse.m2e.maven.runtime_3.9.700.20240602-2313\jars\jansi-2.4.1.jar
2024-06-19 14:24:55,224 [Worker-10: Launching mavenrun-42b81502-ee59-47e7-9d23-13a4b2e6d058] INFO  o.eclipse.m2e.core.internal.Bundles - 	Entry: C:\Users\naman\.p2\pool\plugins\org.eclipse.m2e.maven.runtime_3.9.700.20240602-2313\jars\jcl-over-slf4j-1.7.36.jar
2024-06-19 14:24:55,224 [Worker-10: Launching mavenrun-42b81502-ee59-47e7-9d23-13a4b2e6d058] INFO  o.eclipse.m2e.core.internal.Bundles - 	Entry: C:\Users\naman\.p2\pool\plugins\org.eclipse.m2e.maven.runtime_3.9.700.20240602-2313\jars\maven-artifact-3.9.7.jar
2024-06-19 14:24:55,224 [Worker-10: Launching mavenrun-42b81502-ee59-47e7-9d23-13a4b2e6d058] INFO  o.eclipse.m2e.core.internal.Bundles - 	Entry: C:\Users\naman\.p2\pool\plugins\org.eclipse.m2e.maven.runtime_3.9.700.20240602-2313\jars\maven-builder-support-3.9.7.jar
2024-06-19 14:24:55,224 [Worker-10: Launching mavenrun-42b81502-ee59-47e7-9d23-13a4b2e6d058] INFO  o.eclipse.m2e.core.internal.Bundles - 	Entry: C:\Users\naman\.p2\pool\plugins\org.eclipse.m2e.maven.runtime_3.9.700.20240602-2313\jars\maven-compat-3.9.7.jar
2024-06-19 14:24:55,224 [Worker-10: Launching mavenrun-42b81502-ee59-47e7-9d23-13a4b2e6d058] INFO  o.eclipse.m2e.core.internal.Bundles - 	Entry: C:\Users\naman\.p2\pool\plugins\org.eclipse.m2e.maven.runtime_3.9.700.20240602-2313\jars\maven-core-3.9.7.jar
2024-06-19 14:24:55,224 [Worker-10: Launching mavenrun-42b81502-ee59-47e7-9d23-13a4b2e6d058] INFO  o.eclipse.m2e.core.internal.Bundles - 	Entry: C:\Users\naman\.p2\pool\plugins\org.eclipse.m2e.maven.runtime_3.9.700.20240602-2313\jars\maven-embedder-3.9.7.jar
2024-06-19 14:24:55,225 [Worker-10: Launching mavenrun-42b81502-ee59-47e7-9d23-13a4b2e6d058] INFO  o.eclipse.m2e.core.internal.Bundles - 	Entry: C:\Users\naman\.p2\pool\plugins\org.eclipse.m2e.maven.runtime_3.9.700.20240602-2313\jars\maven-model-3.9.7.jar
2024-06-19 14:24:55,225 [Worker-10: Launching mavenrun-42b81502-ee59-47e7-9d23-13a4b2e6d058] INFO  o.eclipse.m2e.core.internal.Bundles - 	Entry: C:\Users\naman\.p2\pool\plugins\org.eclipse.m2e.maven.runtime_3.9.700.20240602-2313\jars\maven-model-builder-3.9.7.jar
2024-06-19 14:24:55,225 [Worker-10: Launching mavenrun-42b81502-ee59-47e7-9d23-13a4b2e6d058] INFO  o.eclipse.m2e.core.internal.Bundles - 	Entry: C:\Users\naman\.p2\pool\plugins\org.eclipse.m2e.maven.runtime_3.9.700.20240602-2313\jars\maven-plugin-api-3.9.7.jar
2024-06-19 14:24:55,225 [Worker-10: Launching mavenrun-42b81502-ee59-47e7-9d23-13a4b2e6d058] INFO  o.eclipse.m2e.core.internal.Bundles - 	Entry: C:\Users\naman\.p2\pool\plugins\org.eclipse.m2e.maven.runtime_3.9.700.20240602-2313\jars\maven-repository-metadata-3.9.7.jar
2024-06-19 14:24:55,225 [Worker-10: Launching mavenrun-42b81502-ee59-47e7-9d23-13a4b2e6d058] INFO  o.eclipse.m2e.core.internal.Bundles - 	Entry: C:\Users\naman\.p2\pool\plugins\org.eclipse.m2e.maven.runtime_3.9.700.20240602-2313\jars\maven-resolver-api-1.9.20.jar
2024-06-19 14:24:55,226 [Worker-10: Launching mavenrun-42b81502-ee59-47e7-9d23-13a4b2e6d058] INFO  o.eclipse.m2e.core.internal.Bundles - 	Entry: C:\Users\naman\.p2\pool\plugins\org.eclipse.m2e.maven.runtime_3.9.700.20240602-2313\jars\maven-resolver-connector-basic-1.9.20.jar
2024-06-19 14:24:55,226 [Worker-10: Launching mavenrun-42b81502-ee59-47e7-9d23-13a4b2e6d058] INFO  o.eclipse.m2e.core.internal.Bundles - 	Entry: C:\Users\naman\.p2\pool\plugins\org.eclipse.m2e.maven.runtime_3.9.700.20240602-2313\jars\maven-resolver-impl-1.9.20.jar
2024-06-19 14:24:55,226 [Worker-10: Launching mavenrun-42b81502-ee59-47e7-9d23-13a4b2e6d058] INFO  o.eclipse.m2e.core.internal.Bundles - 	Entry: C:\Users\naman\.p2\pool\plugins\org.eclipse.m2e.maven.runtime_3.9.700.20240602-2313\jars\maven-resolver-named-locks-1.9.20.jar
2024-06-19 14:24:55,226 [Worker-10: Launching mavenrun-42b81502-ee59-47e7-9d23-13a4b2e6d058] INFO  o.eclipse.m2e.core.internal.Bundles - 	Entry: C:\Users\naman\.p2\pool\plugins\org.eclipse.m2e.maven.runtime_3.9.700.20240602-2313\jars\maven-resolver-provider-3.9.7.jar
2024-06-19 14:24:55,227 [Worker-10: Launching mavenrun-42b81502-ee59-47e7-9d23-13a4b2e6d058] INFO  o.eclipse.m2e.core.internal.Bundles - 	Entry: C:\Users\naman\.p2\pool\plugins\org.eclipse.m2e.maven.runtime_3.9.700.20240602-2313\jars\maven-resolver-spi-1.9.20.jar
2024-06-19 14:24:55,233 [Worker-10: Launching mavenrun-42b81502-ee59-47e7-9d23-13a4b2e6d058] INFO  o.eclipse.m2e.core.internal.Bundles - 	Entry: C:\Users\naman\.p2\pool\plugins\org.eclipse.m2e.maven.runtime_3.9.700.20240602-2313\jars\maven-resolver-transport-file-1.9.20.jar
2024-06-19 14:24:55,236 [Worker-10: Launching mavenrun-42b81502-ee59-47e7-9d23-13a4b2e6d058] INFO  o.eclipse.m2e.core.internal.Bundles - 	Entry: C:\Users\naman\.p2\pool\plugins\org.eclipse.m2e.maven.runtime_3.9.700.20240602-2313\jars\maven-resolver-transport-http-1.9.20.jar
2024-06-19 14:24:55,240 [Worker-10: Launching mavenrun-42b81502-ee59-47e7-9d23-13a4b2e6d058] INFO  o.eclipse.m2e.core.internal.Bundles - 	Entry: C:\Users\naman\.p2\pool\plugins\org.eclipse.m2e.maven.runtime_3.9.700.20240602-2313\jars\maven-resolver-transport-wagon-1.9.20.jar
2024-06-19 14:24:55,240 [Worker-10: Launching mavenrun-42b81502-ee59-47e7-9d23-13a4b2e6d058] INFO  o.eclipse.m2e.core.internal.Bundles - 	Entry: C:\Users\naman\.p2\pool\plugins\org.eclipse.m2e.maven.runtime_3.9.700.20240602-2313\jars\maven-resolver-util-1.9.20.jar
2024-06-19 14:24:55,240 [Worker-10: Launching mavenrun-42b81502-ee59-47e7-9d23-13a4b2e6d058] INFO  o.eclipse.m2e.core.internal.Bundles - 	Entry: C:\Users\naman\.p2\pool\plugins\org.eclipse.m2e.maven.runtime_3.9.700.20240602-2313\jars\maven-settings-3.9.7.jar
2024-06-19 14:24:55,240 [Worker-10: Launching mavenrun-42b81502-ee59-47e7-9d23-13a4b2e6d058] INFO  o.eclipse.m2e.core.internal.Bundles - 	Entry: C:\Users\naman\.p2\pool\plugins\org.eclipse.m2e.maven.runtime_3.9.700.20240602-2313\jars\maven-settings-builder-3.9.7.jar
2024-06-19 14:24:55,240 [Worker-10: Launching mavenrun-42b81502-ee59-47e7-9d23-13a4b2e6d058] INFO  o.eclipse.m2e.core.internal.Bundles - 	Entry: C:\Users\naman\.p2\pool\plugins\org.eclipse.m2e.maven.runtime_3.9.700.20240602-2313\jars\maven-shared-utils-3.4.2.jar
2024-06-19 14:24:55,241 [Worker-10: Launching mavenrun-42b81502-ee59-47e7-9d23-13a4b2e6d058] INFO  o.eclipse.m2e.core.internal.Bundles - 	Entry: C:\Users\naman\.p2\pool\plugins\org.eclipse.m2e.maven.runtime_3.9.700.20240602-2313\jars\org.eclipse.sisu.inject-0.9.0.M2.jar
2024-06-19 14:24:55,241 [Worker-10: Launching mavenrun-42b81502-ee59-47e7-9d23-13a4b2e6d058] INFO  o.eclipse.m2e.core.internal.Bundles - 	Entry: C:\Users\naman\.p2\pool\plugins\org.eclipse.m2e.maven.runtime_3.9.700.20240602-2313\jars\org.eclipse.sisu.plexus-0.9.0.M2.jar
2024-06-19 14:24:55,241 [Worker-10: Launching mavenrun-42b81502-ee59-47e7-9d23-13a4b2e6d058] INFO  o.eclipse.m2e.core.internal.Bundles - 	Entry: C:\Users\naman\.p2\pool\plugins\org.eclipse.m2e.maven.runtime_3.9.700.20240602-2313\jars\plexus-build-api-0.0.7.jar
2024-06-19 14:24:55,241 [Worker-10: Launching mavenrun-42b81502-ee59-47e7-9d23-13a4b2e6d058] INFO  o.eclipse.m2e.core.internal.Bundles - 	Entry: C:\Users\naman\.p2\pool\plugins\org.eclipse.m2e.maven.runtime_3.9.700.20240602-2313\jars\plexus-build-api-1.2.0.jar
2024-06-19 14:24:55,241 [Worker-10: Launching mavenrun-42b81502-ee59-47e7-9d23-13a4b2e6d058] INFO  o.eclipse.m2e.core.internal.Bundles - 	Entry: C:\Users\naman\.p2\pool\plugins\org.eclipse.m2e.maven.runtime_3.9.700.20240602-2313\jars\plexus-cipher-2.0.jar
2024-06-19 14:24:55,242 [Worker-10: Launching mavenrun-42b81502-ee59-47e7-9d23-13a4b2e6d058] INFO  o.eclipse.m2e.core.internal.Bundles - 	Entry: C:\Users\naman\.p2\pool\plugins\org.eclipse.m2e.maven.runtime_3.9.700.20240602-2313\jars\plexus-classworlds-2.8.0.jar
2024-06-19 14:24:55,243 [Worker-10: Launching mavenrun-42b81502-ee59-47e7-9d23-13a4b2e6d058] INFO  o.eclipse.m2e.core.internal.Bundles - 	Entry: C:\Users\naman\.p2\pool\plugins\org.eclipse.m2e.maven.runtime_3.9.700.20240602-2313\jars\plexus-component-annotations-2.1.0.jar
2024-06-19 14:24:55,246 [Worker-10: Launching mavenrun-42b81502-ee59-47e7-9d23-13a4b2e6d058] INFO  o.eclipse.m2e.core.internal.Bundles - 	Entry: C:\Users\naman\.p2\pool\plugins\org.eclipse.m2e.maven.runtime_3.9.700.20240602-2313\jars\plexus-interpolation-1.27.jar
2024-06-19 14:24:55,246 [Worker-10: Launching mavenrun-42b81502-ee59-47e7-9d23-13a4b2e6d058] INFO  o.eclipse.m2e.core.internal.Bundles - 	Entry: C:\Users\naman\.p2\pool\plugins\org.eclipse.m2e.maven.runtime_3.9.700.20240602-2313\jars\plexus-sec-dispatcher-2.0.jar
2024-06-19 14:24:55,246 [Worker-10: Launching mavenrun-42b81502-ee59-47e7-9d23-13a4b2e6d058] INFO  o.eclipse.m2e.core.internal.Bundles - 	Entry: C:\Users\naman\.p2\pool\plugins\org.eclipse.m2e.maven.runtime_3.9.700.20240602-2313\jars\plexus-utils-3.5.1.jar
2024-06-19 14:24:55,246 [Worker-10: Launching mavenrun-42b81502-ee59-47e7-9d23-13a4b2e6d058] INFO  o.eclipse.m2e.core.internal.Bundles - 	Entry: C:\Users\naman\.p2\pool\plugins\org.eclipse.m2e.maven.runtime_3.9.700.20240602-2313\jars\wagon-file-3.5.3.jar
2024-06-19 14:24:55,246 [Worker-10: Launching mavenrun-42b81502-ee59-47e7-9d23-13a4b2e6d058] INFO  o.eclipse.m2e.core.internal.Bundles - 	Entry: C:\Users\naman\.p2\pool\plugins\org.eclipse.m2e.maven.runtime_3.9.700.20240602-2313\jars\wagon-http-3.5.3.jar
2024-06-19 14:24:55,247 [Worker-10: Launching mavenrun-42b81502-ee59-47e7-9d23-13a4b2e6d058] INFO  o.eclipse.m2e.core.internal.Bundles - 	Entry: C:\Users\naman\.p2\pool\plugins\org.eclipse.m2e.maven.runtime_3.9.700.20240602-2313\jars\wagon-http-shared-3.5.3.jar
2024-06-19 14:24:55,247 [Worker-10: Launching mavenrun-42b81502-ee59-47e7-9d23-13a4b2e6d058] INFO  o.eclipse.m2e.core.internal.Bundles - 	Entry: C:\Users\naman\.p2\pool\plugins\org.eclipse.m2e.maven.runtime_3.9.700.20240602-2313\jars\wagon-provider-api-3.5.3.jar
2024-06-19 14:24:55,247 [Worker-10: Launching mavenrun-42b81502-ee59-47e7-9d23-13a4b2e6d058] INFO  o.eclipse.m2e.core.internal.Bundles - getClasspathEntries(Bundle=com.google.guava_33.2.0.jre [10])
2024-06-19 14:24:55,247 [Worker-10: Launching mavenrun-42b81502-ee59-47e7-9d23-13a4b2e6d058] INFO  o.eclipse.m2e.core.internal.Bundles - 	Entry: C:\Users\naman\.p2\pool\plugins\com.google.guava_33.2.0.jre.jar
2024-06-19 14:24:55,247 [Worker-10: Launching mavenrun-42b81502-ee59-47e7-9d23-13a4b2e6d058] INFO  o.eclipse.m2e.core.internal.Bundles - getClasspathEntries(Bundle=slf4j.api_2.0.13 [518])
2024-06-19 14:24:55,248 [Worker-10: Launching mavenrun-42b81502-ee59-47e7-9d23-13a4b2e6d058] INFO  o.eclipse.m2e.core.internal.Bundles - 	Entry: C:\Users\naman\.p2\pool\plugins\slf4j.api_2.0.13.jar
2024-06-19 14:24:55,248 [Worker-10: Launching mavenrun-42b81502-ee59-47e7-9d23-13a4b2e6d058] INFO  o.eclipse.m2e.core.internal.Bundles - getClasspathEntries(Bundle=jakarta.inject.jakarta.inject-api_1.0.5 [21])
2024-06-19 14:24:55,248 [Worker-10: Launching mavenrun-42b81502-ee59-47e7-9d23-13a4b2e6d058] INFO  o.eclipse.m2e.core.internal.Bundles - 	Entry: C:\Users\naman\.p2\pool\plugins\jakarta.inject.jakarta.inject-api_1.0.5.jar
2024-06-19 14:24:55,248 [Worker-10: Launching mavenrun-42b81502-ee59-47e7-9d23-13a4b2e6d058] INFO  o.eclipse.m2e.core.internal.Bundles - getClasspathEntries(Bundle=javax.annotation_1.3.5.v20200909-1856 [24])
2024-06-19 14:24:55,251 [Worker-10: Launching mavenrun-42b81502-ee59-47e7-9d23-13a4b2e6d058] INFO  o.eclipse.m2e.core.internal.Bundles - 	Entry: C:\Users\naman\.p2\pool\plugins\javax.annotation_1.3.5.v20200909-1856.jar
2024-06-19 14:24:55,253 [Worker-10: Launching mavenrun-42b81502-ee59-47e7-9d23-13a4b2e6d058] INFO  o.eclipse.m2e.core.internal.Bundles - getClasspathEntries(Bundle=org.apache.commons.cli_1.8.0 [47])
2024-06-19 14:24:55,254 [Worker-10: Launching mavenrun-42b81502-ee59-47e7-9d23-13a4b2e6d058] INFO  o.eclipse.m2e.core.internal.Bundles - 	Entry: C:\Users\naman\.p2\pool\plugins\org.apache.commons.cli_1.8.0.jar
2024-06-19 14:24:55,255 [Worker-10: Launching mavenrun-42b81502-ee59-47e7-9d23-13a4b2e6d058] INFO  o.eclipse.m2e.core.internal.Bundles - getClasspathEntries(Bundle=org.apache.commons.commons-codec_1.16.0 [48])
2024-06-19 14:24:55,257 [Worker-10: Launching mavenrun-42b81502-ee59-47e7-9d23-13a4b2e6d058] INFO  o.eclipse.m2e.core.internal.Bundles - 	Entry: C:\Users\naman\.p2\pool\plugins\org.apache.commons.commons-codec_1.16.0.jar
2024-06-19 14:24:55,257 [Worker-10: Launching mavenrun-42b81502-ee59-47e7-9d23-13a4b2e6d058] INFO  o.eclipse.m2e.core.internal.Bundles - getClasspathEntries(Bundle=org.apache.commons.lang3_3.14.0 [54])
2024-06-19 14:24:55,257 [Worker-10: Launching mavenrun-42b81502-ee59-47e7-9d23-13a4b2e6d058] INFO  o.eclipse.m2e.core.internal.Bundles - 	Entry: C:\Users\naman\.p2\pool\plugins\org.apache.commons.lang3_3.14.0.jar
2024-06-19 14:24:55,257 [Worker-10: Launching mavenrun-42b81502-ee59-47e7-9d23-13a4b2e6d058] INFO  o.eclipse.m2e.core.internal.Bundles - getClasspathEntries(Bundle=com.google.guava.failureaccess_1.0.2 [11])
2024-06-19 14:24:55,257 [Worker-10: Launching mavenrun-42b81502-ee59-47e7-9d23-13a4b2e6d058] INFO  o.eclipse.m2e.core.internal.Bundles - 	Entry: C:\Users\naman\.p2\pool\plugins\com.google.guava.failureaccess_1.0.2.jar
2024-06-19 14:24:55,258 [Worker-10: Launching mavenrun-42b81502-ee59-47e7-9d23-13a4b2e6d058] INFO  o.e.m.i.launch.MavenLaunchDelegate - Run build in "C:\Users\naman\AppData\Local\Temp\m2e-archetypeGenerator174372850046417674":
2024-06-19 14:24:55,258 [Worker-10: Launching mavenrun-42b81502-ee59-47e7-9d23-13a4b2e6d058] INFO  o.e.m.i.launch.MavenLaunchDelegate -  mvn  -DarchetypeGroupId=org.apache.maven.archetypes -DarchetypeArtifactId=maven-archetype-quickstart -DarchetypeVersion=1.1 -DgroupId=Framework -DartifactId=demo -Dversion=0.0.1-SNAPSHOT -Dpackage=Framework.demo -DoutputDirectory="D:\Automation testing" -Dstyle.color=always -U archetype:generate
2024-06-19 14:25:14,072 [Worker-14: Creating maven-archetype-quickstart] INFO  o.e.m.c.i.p.ProjectConfigurationManager - Collecting project info '/pom.xml' D:\Automation testing\demo\pom.xml
2024-06-19 14:25:14,298 [Worker-14: Creating maven-archetype-quickstart] INFO  o.e.m.c.i.e.AbstractTransferListenerAdapter - Downloading https://repo.maven.apache.org/maven2/org/apache/maven/plugins/maven-resources-plugin/3.3.1/maven-resources-plugin-3.3.1.jar
2024-06-19 14:25:14,310 [Worker-14: Creating maven-archetype-quickstart] INFO  o.e.m.c.i.e.AbstractTransferListenerAdapter - Downloaded https://repo.maven.apache.org/maven2/org/apache/maven/plugins/maven-resources-plugin/3.3.1/maven-resources-plugin-3.3.1.jar
2024-06-19 14:25:14,325 [Worker-14: Creating maven-archetype-quickstart] INFO  o.e.m.c.i.e.AbstractTransferListenerAdapter - Downloading https://repo.maven.apache.org/maven2/org/apache/maven/plugins/maven-compiler-plugin/3.13.0/maven-compiler-plugin-3.13.0.jar
2024-06-19 14:25:14,339 [Worker-14: Creating maven-archetype-quickstart] INFO  o.e.m.c.i.e.AbstractTransferListenerAdapter - Downloaded https://repo.maven.apache.org/maven2/org/apache/maven/plugins/maven-compiler-plugin/3.13.0/maven-compiler-plugin-3.13.0.jar
2024-06-19 14:25:14,357 [Worker-14: Creating maven-archetype-quickstart] INFO  o.e.m.c.i.e.AbstractTransferListenerAdapter - Downloading https://repo.maven.apache.org/maven2/org/apache/maven/plugins/maven-surefire-plugin/3.2.5/maven-surefire-plugin-3.2.5.jar
2024-06-19 14:25:14,361 [Worker-14: Creating maven-archetype-quickstart] INFO  o.e.m.c.i.e.AbstractTransferListenerAdapter - Downloaded https://repo.maven.apache.org/maven2/org/apache/maven/plugins/maven-surefire-plugin/3.2.5/maven-surefire-plugin-3.2.5.jar
2024-06-19 14:25:14,372 [Worker-14: Creating maven-archetype-quickstart] INFO  o.e.m.c.i.e.AbstractTransferListenerAdapter - Downloading https://repo.maven.apache.org/maven2/org/apache/maven/plugins/maven-jar-plugin/3.4.1/maven-jar-plugin-3.4.1.jar
2024-06-19 14:25:14,375 [Worker-14: Creating maven-archetype-quickstart] INFO  o.e.m.c.i.e.AbstractTransferListenerAdapter - Downloaded https://repo.maven.apache.org/maven2/org/apache/maven/plugins/maven-jar-plugin/3.4.1/maven-jar-plugin-3.4.1.jar
2024-06-19 14:25:14,408 [Worker-14: Creating maven-archetype-quickstart] INFO  o.e.m.c.i.e.AbstractTransferListenerAdapter - Downloading https://repo.maven.apache.org/maven2/org/apache/maven/plugins/maven-compiler-plugin/3.13.0/maven-compiler-plugin-3.13.0.pom
2024-06-19 14:25:14,411 [Worker-14: Creating maven-archetype-quickstart] INFO  o.e.m.c.i.e.AbstractTransferListenerAdapter - Downloaded https://repo.maven.apache.org/maven2/org/apache/maven/plugins/maven-compiler-plugin/3.13.0/maven-compiler-plugin-3.13.0.pom
2024-06-19 14:25:14,422 [Worker-14: Creating maven-archetype-quickstart] INFO  o.e.m.c.i.e.AbstractTransferListenerAdapter - Downloading https://repo.maven.apache.org/maven2/org/apache/maven/plugins/maven-plugins/41/maven-plugins-41.pom
2024-06-19 14:25:14,441 [Worker-14: Creating maven-archetype-quickstart] INFO  o.e.m.c.i.e.AbstractTransferListenerAdapter - Downloaded https://repo.maven.apache.org/maven2/org/apache/maven/plugins/maven-plugins/41/maven-plugins-41.pom
2024-06-19 14:25:14,455 [Worker-14: Creating maven-archetype-quickstart] INFO  o.e.m.c.i.e.AbstractTransferListenerAdapter - Downloading https://repo.maven.apache.org/maven2/org/apache/maven/maven-parent/41/maven-parent-41.pom
2024-06-19 14:25:14,462 [Worker-14: Creating maven-archetype-quickstart] INFO  o.e.m.c.i.e.AbstractTransferListenerAdapter - Downloaded https://repo.maven.apache.org/maven2/org/apache/maven/maven-parent/41/maven-parent-41.pom
2024-06-19 14:25:14,479 [Worker-14: Creating maven-archetype-quickstart] INFO  o.e.m.c.i.e.AbstractTransferListenerAdapter - Downloading https://repo.maven.apache.org/maven2/org/apache/apache/31/apache-31.pom
2024-06-19 14:25:14,485 [Worker-14: Creating maven-archetype-quickstart] INFO  o.e.m.c.i.e.AbstractTransferListenerAdapter - Downloaded https://repo.maven.apache.org/maven2/org/apache/apache/31/apache-31.pom
2024-06-19 14:25:14,528 [Worker-14: Creating maven-archetype-quickstart] INFO  o.e.m.c.i.e.AbstractTransferListenerAdapter - Downloading https://repo.maven.apache.org/maven2/org/apache/maven/shared/maven-shared-utils/3.4.2/maven-shared-utils-3.4.2.pom
2024-06-19 14:25:14,532 [Worker-14: Creating maven-archetype-quickstart] INFO  o.e.m.c.i.e.AbstractTransferListenerAdapter - Downloaded https://repo.maven.apache.org/maven2/org/apache/maven/shared/maven-shared-utils/3.4.2/maven-shared-utils-3.4.2.pom
2024-06-19 14:25:14,543 [Worker-14: Creating maven-archetype-quickstart] INFO  o.e.m.c.i.e.AbstractTransferListenerAdapter - Downloading https://repo.maven.apache.org/maven2/org/apache/maven/shared/maven-shared-components/39/maven-shared-components-39.pom
2024-06-19 14:25:14,546 [Worker-14: Creating maven-archetype-quickstart] INFO  o.e.m.c.i.e.AbstractTransferListenerAdapter - Downloaded https://repo.maven.apache.org/maven2/org/apache/maven/shared/maven-shared-components/39/maven-shared-components-39.pom
2024-06-19 14:25:14,574 [Worker-14: Creating maven-archetype-quickstart] INFO  o.e.m.c.i.e.AbstractTransferListenerAdapter - Downloading https://repo.maven.apache.org/maven2/commons-io/commons-io/2.11.0/commons-io-2.11.0.pom
2024-06-19 14:25:14,578 [Worker-14: Creating maven-archetype-quickstart] INFO  o.e.m.c.i.e.AbstractTransferListenerAdapter - Downloaded https://repo.maven.apache.org/maven2/commons-io/commons-io/2.11.0/commons-io-2.11.0.pom
2024-06-19 14:25:14,600 [Worker-14: Creating maven-archetype-quickstart] INFO  o.e.m.c.i.e.AbstractTransferListenerAdapter - Downloading https://repo.maven.apache.org/maven2/org/junit/junit-bom/5.7.2/junit-bom-5.7.2.pom
2024-06-19 14:25:14,603 [Worker-14: Creating maven-archetype-quickstart] INFO  o.e.m.c.i.e.AbstractTransferListenerAdapter - Downloaded https://repo.maven.apache.org/maven2/org/junit/junit-bom/5.7.2/junit-bom-5.7.2.pom
2024-06-19 14:25:14,632 [Worker-14: Creating maven-archetype-quickstart] INFO  o.e.m.c.i.e.AbstractTransferListenerAdapter - Downloading https://repo.maven.apache.org/maven2/org/codehaus/plexus/plexus-java/1.2.0/plexus-java-1.2.0.pom
2024-06-19 14:25:14,636 [Worker-14: Creating maven-archetype-quickstart] INFO  o.e.m.c.i.e.AbstractTransferListenerAdapter - Downloaded https://repo.maven.apache.org/maven2/org/codehaus/plexus/plexus-java/1.2.0/plexus-java-1.2.0.pom
2024-06-19 14:25:14,657 [Worker-14: Creating maven-archetype-quickstart] INFO  o.e.m.c.i.e.AbstractTransferListenerAdapter - Downloading https://repo.maven.apache.org/maven2/org/codehaus/plexus/plexus-languages/1.2.0/plexus-languages-1.2.0.pom
2024-06-19 14:25:14,661 [Worker-14: Creating maven-archetype-quickstart] INFO  o.e.m.c.i.e.AbstractTransferListenerAdapter - Downloaded https://repo.maven.apache.org/maven2/org/codehaus/plexus/plexus-languages/1.2.0/plexus-languages-1.2.0.pom
2024-06-19 14:25:14,670 [Worker-14: Creating maven-archetype-quickstart] INFO  o.e.m.c.i.e.AbstractTransferListenerAdapter - Downloading https://repo.maven.apache.org/maven2/org/codehaus/plexus/plexus/15/plexus-15.pom
2024-06-19 14:25:14,678 [Worker-14: Creating maven-archetype-quickstart] INFO  o.e.m.c.i.e.AbstractTransferListenerAdapter - Downloaded https://repo.maven.apache.org/maven2/org/codehaus/plexus/plexus/15/plexus-15.pom
2024-06-19 14:25:14,694 [Worker-14: Creating maven-archetype-quickstart] INFO  o.e.m.c.i.e.AbstractTransferListenerAdapter - Downloading https://repo.maven.apache.org/maven2/org/junit/junit-bom/5.10.0/junit-bom-5.10.0.pom
2024-06-19 14:25:14,698 [Worker-14: Creating maven-archetype-quickstart] INFO  o.e.m.c.i.e.AbstractTransferListenerAdapter - Downloaded https://repo.maven.apache.org/maven2/org/junit/junit-bom/5.10.0/junit-bom-5.10.0.pom
2024-06-19 14:25:14,717 [Worker-14: Creating maven-archetype-quickstart] INFO  o.e.m.c.i.e.AbstractTransferListenerAdapter - Downloading https://repo.maven.apache.org/maven2/org/ow2/asm/asm/9.6/asm-9.6.pom
2024-06-19 14:25:14,720 [Worker-14: Creating maven-archetype-quickstart] INFO  o.e.m.c.i.e.AbstractTransferListenerAdapter - Downloaded https://repo.maven.apache.org/maven2/org/ow2/asm/asm/9.6/asm-9.6.pom
2024-06-19 14:25:14,731 [Worker-14: Creating maven-archetype-quickstart] INFO  o.e.m.c.i.e.AbstractTransferListenerAdapter - Downloading https://repo.maven.apache.org/maven2/org/ow2/ow2/1.5.1/ow2-1.5.1.pom
2024-06-19 14:25:14,734 [Worker-14: Creating maven-archetype-quickstart] INFO  o.e.m.c.i.e.AbstractTransferListenerAdapter - Downloaded https://repo.maven.apache.org/maven2/org/ow2/ow2/1.5.1/ow2-1.5.1.pom
2024-06-19 14:25:14,745 [Worker-14: Creating maven-archetype-quickstart] INFO  o.e.m.c.i.e.AbstractTransferListenerAdapter - Downloading https://repo.maven.apache.org/maven2/com/thoughtworks/qdox/qdox/2.0.3/qdox-2.0.3.pom
2024-06-19 14:25:14,749 [Worker-14: Creating maven-archetype-quickstart] INFO  o.e.m.c.i.e.AbstractTransferListenerAdapter - Downloaded https://repo.maven.apache.org/maven2/com/thoughtworks/qdox/qdox/2.0.3/qdox-2.0.3.pom
2024-06-19 14:25:14,766 [Worker-14: Creating maven-archetype-quickstart] INFO  o.e.m.c.i.e.AbstractTransferListenerAdapter - Downloading https://repo.maven.apache.org/maven2/org/codehaus/plexus/plexus-compiler-api/2.15.0/plexus-compiler-api-2.15.0.pom
2024-06-19 14:25:14,768 [Worker-14: Creating maven-archetype-quickstart] INFO  o.e.m.c.i.e.AbstractTransferListenerAdapter - Downloaded https://repo.maven.apache.org/maven2/org/codehaus/plexus/plexus-compiler-api/2.15.0/plexus-compiler-api-2.15.0.pom
2024-06-19 14:25:14,779 [Worker-14: Creating maven-archetype-quickstart] INFO  o.e.m.c.i.e.AbstractTransferListenerAdapter - Downloading https://repo.maven.apache.org/maven2/org/codehaus/plexus/plexus-compiler/2.15.0/plexus-compiler-2.15.0.pom
2024-06-19 14:25:14,782 [Worker-14: Creating maven-archetype-quickstart] INFO  o.e.m.c.i.e.AbstractTransferListenerAdapter - Downloaded https://repo.maven.apache.org/maven2/org/codehaus/plexus/plexus-compiler/2.15.0/plexus-compiler-2.15.0.pom
2024-06-19 14:25:14,792 [Worker-14: Creating maven-archetype-quickstart] INFO  o.e.m.c.i.e.AbstractTransferListenerAdapter - Downloading https://repo.maven.apache.org/maven2/org/codehaus/plexus/plexus/17/plexus-17.pom
2024-06-19 14:25:14,796 [Worker-14: Creating maven-archetype-quickstart] INFO  o.e.m.c.i.e.AbstractTransferListenerAdapter - Downloaded https://repo.maven.apache.org/maven2/org/codehaus/plexus/plexus/17/plexus-17.pom
2024-06-19 14:25:14,807 [Worker-14: Creating maven-archetype-quickstart] INFO  o.e.m.c.i.e.AbstractTransferListenerAdapter - Downloading https://repo.maven.apache.org/maven2/org/junit/junit-bom/5.10.2/junit-bom-5.10.2.pom
2024-06-19 14:25:14,810 [Worker-14: Creating maven-archetype-quickstart] INFO  o.e.m.c.i.e.AbstractTransferListenerAdapter - Downloaded https://repo.maven.apache.org/maven2/org/junit/junit-bom/5.10.2/junit-bom-5.10.2.pom
2024-06-19 14:25:14,824 [Worker-14: Creating maven-archetype-quickstart] INFO  o.e.m.c.i.e.AbstractTransferListenerAdapter - Downloading https://repo.maven.apache.org/maven2/org/codehaus/plexus/plexus-utils/4.0.0/plexus-utils-4.0.0.pom
2024-06-19 14:25:14,828 [Worker-14: Creating maven-archetype-quickstart] INFO  o.e.m.c.i.e.AbstractTransferListenerAdapter - Downloaded https://repo.maven.apache.org/maven2/org/codehaus/plexus/plexus-utils/4.0.0/plexus-utils-4.0.0.pom
2024-06-19 14:25:14,839 [Worker-14: Creating maven-archetype-quickstart] INFO  o.e.m.c.i.e.AbstractTransferListenerAdapter - Downloading https://repo.maven.apache.org/maven2/org/codehaus/plexus/plexus/13/plexus-13.pom
2024-06-19 14:25:14,843 [Worker-14: Creating maven-archetype-quickstart] INFO  o.e.m.c.i.e.AbstractTransferListenerAdapter - Downloaded https://repo.maven.apache.org/maven2/org/codehaus/plexus/plexus/13/plexus-13.pom
2024-06-19 14:25:14,854 [Worker-14: Creating maven-archetype-quickstart] INFO  o.e.m.c.i.e.AbstractTransferListenerAdapter - Downloading https://repo.maven.apache.org/maven2/org/junit/junit-bom/5.9.3/junit-bom-5.9.3.pom
2024-06-19 14:25:14,858 [Worker-14: Creating maven-archetype-quickstart] INFO  o.e.m.c.i.e.AbstractTransferListenerAdapter - Downloaded https://repo.maven.apache.org/maven2/org/junit/junit-bom/5.9.3/junit-bom-5.9.3.pom
2024-06-19 14:25:14,875 [Worker-14: Creating maven-archetype-quickstart] INFO  o.e.m.c.i.e.AbstractTransferListenerAdapter - Downloading https://repo.maven.apache.org/maven2/org/codehaus/plexus/plexus-compiler-manager/2.15.0/plexus-compiler-manager-2.15.0.pom
2024-06-19 14:25:14,879 [Worker-14: Creating maven-archetype-quickstart] INFO  o.e.m.c.i.e.AbstractTransferListenerAdapter - Downloaded https://repo.maven.apache.org/maven2/org/codehaus/plexus/plexus-compiler-manager/2.15.0/plexus-compiler-manager-2.15.0.pom
2024-06-19 14:25:14,897 [Worker-14: Creating maven-archetype-quickstart] INFO  o.e.m.c.i.e.AbstractTransferListenerAdapter - Downloading https://repo.maven.apache.org/maven2/javax/inject/javax.inject/1/javax.inject-1.pom
2024-06-19 14:25:14,900 [Worker-14: Creating maven-archetype-quickstart] INFO  o.e.m.c.i.e.AbstractTransferListenerAdapter - Downloaded https://repo.maven.apache.org/maven2/javax/inject/javax.inject/1/javax.inject-1.pom
2024-06-19 14:25:14,912 [Worker-14: Creating maven-archetype-quickstart] INFO  o.e.m.c.i.e.AbstractTransferListenerAdapter - Downloading https://repo.maven.apache.org/maven2/org/codehaus/plexus/plexus-xml/3.0.0/plexus-xml-3.0.0.pom
2024-06-19 14:25:14,915 [Worker-14: Creating maven-archetype-quickstart] INFO  o.e.m.c.i.e.AbstractTransferListenerAdapter - Downloaded https://repo.maven.apache.org/maven2/org/codehaus/plexus/plexus-xml/3.0.0/plexus-xml-3.0.0.pom
2024-06-19 14:25:14,933 [Worker-14: Creating maven-archetype-quickstart] INFO  o.e.m.c.i.e.AbstractTransferListenerAdapter - Downloading https://repo.maven.apache.org/maven2/org/codehaus/plexus/plexus-compiler-javac/2.15.0/plexus-compiler-javac-2.15.0.pom
2024-06-19 14:25:14,936 [Worker-14: Creating maven-archetype-quickstart] INFO  o.e.m.c.i.e.AbstractTransferListenerAdapter - Downloaded https://repo.maven.apache.org/maven2/org/codehaus/plexus/plexus-compiler-javac/2.15.0/plexus-compiler-javac-2.15.0.pom
2024-06-19 14:25:14,948 [Worker-14: Creating maven-archetype-quickstart] INFO  o.e.m.c.i.e.AbstractTransferListenerAdapter - Downloading https://repo.maven.apache.org/maven2/org/codehaus/plexus/plexus-compilers/2.15.0/plexus-compilers-2.15.0.pom
2024-06-19 14:25:14,952 [Worker-14: Creating maven-archetype-quickstart] INFO  o.e.m.c.i.e.AbstractTransferListenerAdapter - Downloaded https://repo.maven.apache.org/maven2/org/codehaus/plexus/plexus-compilers/2.15.0/plexus-compilers-2.15.0.pom
2024-06-19 14:25:14,982 [Worker-14: Creating maven-archetype-quickstart] INFO  o.e.m.c.i.e.AbstractTransferListenerAdapter - Downloading https://repo.maven.apache.org/maven2/org/apache/maven/shared/maven-shared-utils/3.4.2/maven-shared-utils-3.4.2.jar
2024-06-19 14:25:14,995 [Worker-14: Creating maven-archetype-quickstart] INFO  o.e.m.c.i.e.AbstractTransferListenerAdapter - Downloaded https://repo.maven.apache.org/maven2/org/apache/maven/shared/maven-shared-utils/3.4.2/maven-shared-utils-3.4.2.jar
2024-06-19 14:25:15,008 [BasicRepositoryConnector-repo.maven.apache.org-0-0] INFO  o.e.m.c.i.e.AbstractTransferListenerAdapter - Downloading https://repo.maven.apache.org/maven2/commons-io/commons-io/2.11.0/commons-io-2.11.0.jar
2024-06-19 14:25:15,030 [BasicRepositoryConnector-repo.maven.apache.org-0-0] INFO  o.e.m.c.i.e.AbstractTransferListenerAdapter - Downloaded https://repo.maven.apache.org/maven2/commons-io/commons-io/2.11.0/commons-io-2.11.0.jar
2024-06-19 14:25:15,032 [BasicRepositoryConnector-repo.maven.apache.org-0-4] INFO  o.e.m.c.i.e.AbstractTransferListenerAdapter - Downloading https://repo.maven.apache.org/maven2/org/codehaus/plexus/plexus-compiler-api/2.15.0/plexus-compiler-api-2.15.0.jar
2024-06-19 14:25:15,033 [BasicRepositoryConnector-repo.maven.apache.org-0-3] INFO  o.e.m.c.i.e.AbstractTransferListenerAdapter - Downloading https://repo.maven.apache.org/maven2/com/thoughtworks/qdox/qdox/2.0.3/qdox-2.0.3.jar
2024-06-19 14:25:15,038 [BasicRepositoryConnector-repo.maven.apache.org-0-1] INFO  o.e.m.c.i.e.AbstractTransferListenerAdapter - Downloading https://repo.maven.apache.org/maven2/org/codehaus/plexus/plexus-java/1.2.0/plexus-java-1.2.0.jar
2024-06-19 14:25:15,042 [BasicRepositoryConnector-repo.maven.apache.org-0-4] INFO  o.e.m.c.i.e.AbstractTransferListenerAdapter - Downloaded https://repo.maven.apache.org/maven2/org/codehaus/plexus/plexus-compiler-api/2.15.0/plexus-compiler-api-2.15.0.jar
2024-06-19 14:25:15,058 [BasicRepositoryConnector-repo.maven.apache.org-0-0] INFO  o.e.m.c.i.e.AbstractTransferListenerAdapter - Downloading https://repo.maven.apache.org/maven2/org/codehaus/plexus/plexus-compiler-manager/2.15.0/plexus-compiler-manager-2.15.0.jar
2024-06-19 14:25:15,061 [BasicRepositoryConnector-repo.maven.apache.org-0-0] INFO  o.e.m.c.i.e.AbstractTransferListenerAdapter - Downloaded https://repo.maven.apache.org/maven2/org/codehaus/plexus/plexus-compiler-manager/2.15.0/plexus-compiler-manager-2.15.0.jar
2024-06-19 14:25:15,063 [BasicRepositoryConnector-repo.maven.apache.org-0-2] INFO  o.e.m.c.i.e.AbstractTransferListenerAdapter - Downloading https://repo.maven.apache.org/maven2/org/ow2/asm/asm/9.6/asm-9.6.jar
2024-06-19 14:25:15,065 [BasicRepositoryConnector-repo.maven.apache.org-0-4] INFO  o.e.m.c.i.e.AbstractTransferListenerAdapter - Downloading https://repo.maven.apache.org/maven2/javax/inject/javax.inject/1/javax.inject-1.jar
2024-06-19 14:25:15,068 [BasicRepositoryConnector-repo.maven.apache.org-0-1] INFO  o.e.m.c.i.e.AbstractTransferListenerAdapter - Downloaded https://repo.maven.apache.org/maven2/org/codehaus/plexus/plexus-java/1.2.0/plexus-java-1.2.0.jar
2024-06-19 14:25:15,069 [BasicRepositoryConnector-repo.maven.apache.org-0-4] INFO  o.e.m.c.i.e.AbstractTransferListenerAdapter - Downloaded https://repo.maven.apache.org/maven2/javax/inject/javax.inject/1/javax.inject-1.jar
2024-06-19 14:25:15,077 [BasicRepositoryConnector-repo.maven.apache.org-0-0] INFO  o.e.m.c.i.e.AbstractTransferListenerAdapter - Downloading https://repo.maven.apache.org/maven2/org/codehaus/plexus/plexus-xml/3.0.0/plexus-xml-3.0.0.jar
2024-06-19 14:25:15,080 [BasicRepositoryConnector-repo.maven.apache.org-0-4] INFO  o.e.m.c.i.e.AbstractTransferListenerAdapter - Downloading https://repo.maven.apache.org/maven2/org/codehaus/plexus/plexus-utils/4.0.0/plexus-utils-4.0.0.jar
2024-06-19 14:25:15,081 [BasicRepositoryConnector-repo.maven.apache.org-0-1] INFO  o.e.m.c.i.e.AbstractTransferListenerAdapter - Downloading https://repo.maven.apache.org/maven2/org/codehaus/plexus/plexus-compiler-javac/2.15.0/plexus-compiler-javac-2.15.0.jar
2024-06-19 14:25:15,087 [BasicRepositoryConnector-repo.maven.apache.org-0-0] INFO  o.e.m.c.i.e.AbstractTransferListenerAdapter - Downloaded https://repo.maven.apache.org/maven2/org/codehaus/plexus/plexus-xml/3.0.0/plexus-xml-3.0.0.jar
2024-06-19 14:25:15,090 [BasicRepositoryConnector-repo.maven.apache.org-0-1] INFO  o.e.m.c.i.e.AbstractTransferListenerAdapter - Downloaded https://repo.maven.apache.org/maven2/org/codehaus/plexus/plexus-compiler-javac/2.15.0/plexus-compiler-javac-2.15.0.jar
2024-06-19 14:25:15,092 [BasicRepositoryConnector-repo.maven.apache.org-0-2] INFO  o.e.m.c.i.e.AbstractTransferListenerAdapter - Downloaded https://repo.maven.apache.org/maven2/org/ow2/asm/asm/9.6/asm-9.6.jar
2024-06-19 14:25:15,097 [BasicRepositoryConnector-repo.maven.apache.org-0-3] INFO  o.e.m.c.i.e.AbstractTransferListenerAdapter - Downloaded https://repo.maven.apache.org/maven2/com/thoughtworks/qdox/qdox/2.0.3/qdox-2.0.3.jar
2024-06-19 14:25:15,107 [BasicRepositoryConnector-repo.maven.apache.org-0-4] INFO  o.e.m.c.i.e.AbstractTransferListenerAdapter - Downloaded https://repo.maven.apache.org/maven2/org/codehaus/plexus/plexus-utils/4.0.0/plexus-utils-4.0.0.jar
2024-06-19 14:25:15,265 [Worker-14: Creating maven-archetype-quickstart] INFO  o.e.m.c.i.l.LifecycleMappingFactory - Using org.eclipse.m2e.jdt.JarLifecycleMapping lifecycle mapping for MavenProject: Framework:demo:0.0.1-SNAPSHOT @ D:\Automation testing\demo\pom.xml.
2024-06-19 14:25:15,307 [Worker-14: Creating maven-archetype-quickstart] INFO  o.e.m.c.i.e.AbstractTransferListenerAdapter - Downloading https://repo.maven.apache.org/maven2/junit/junit/3.8.1/junit-3.8.1.pom
2024-06-19 14:25:15,310 [Worker-14: Creating maven-archetype-quickstart] INFO  o.e.m.c.i.e.AbstractTransferListenerAdapter - Downloaded https://repo.maven.apache.org/maven2/junit/junit/3.8.1/junit-3.8.1.pom
2024-06-19 14:25:15,319 [Worker-14: Creating maven-archetype-quickstart] INFO  o.e.m.c.i.e.AbstractTransferListenerAdapter - Downloading https://repo.maven.apache.org/maven2/junit/junit/3.8.1/junit-3.8.1.jar
2024-06-19 14:25:15,325 [Worker-14: Creating maven-archetype-quickstart] INFO  o.e.m.c.i.e.AbstractTransferListenerAdapter - Downloaded https://repo.maven.apache.org/maven2/junit/junit/3.8.1/junit-3.8.1.jar
2024-06-19 14:25:15,345 [Worker-14: Creating maven-archetype-quickstart] INFO  o.e.m.c.i.e.AbstractTransferListenerAdapter - Downloading https://repo.maven.apache.org/maven2/org/apache/maven/plugins/maven-resources-plugin/3.3.1/maven-resources-plugin-3.3.1.pom
2024-06-19 14:25:15,349 [Worker-14: Creating maven-archetype-quickstart] INFO  o.e.m.c.i.e.AbstractTransferListenerAdapter - Downloaded https://repo.maven.apache.org/maven2/org/apache/maven/plugins/maven-resources-plugin/3.3.1/maven-resources-plugin-3.3.1.pom
2024-06-19 14:25:15,379 [Worker-14: Creating maven-archetype-quickstart] INFO  o.e.m.c.i.e.AbstractTransferListenerAdapter - Downloading https://repo.maven.apache.org/maven2/org/apache/maven/plugins/maven-surefire-plugin/3.2.5/maven-surefire-plugin-3.2.5.pom
2024-06-19 14:25:15,382 [Worker-14: Creating maven-archetype-quickstart] INFO  o.e.m.c.i.e.AbstractTransferListenerAdapter - Downloaded https://repo.maven.apache.org/maven2/org/apache/maven/plugins/maven-surefire-plugin/3.2.5/maven-surefire-plugin-3.2.5.pom
2024-06-19 14:25:15,394 [Worker-14: Creating maven-archetype-quickstart] INFO  o.e.m.c.i.e.AbstractTransferListenerAdapter - Downloading https://repo.maven.apache.org/maven2/org/apache/maven/surefire/surefire/3.2.5/surefire-3.2.5.pom
2024-06-19 14:25:15,397 [Worker-14: Creating maven-archetype-quickstart] INFO  o.e.m.c.i.e.AbstractTransferListenerAdapter - Downloaded https://repo.maven.apache.org/maven2/org/apache/maven/surefire/surefire/3.2.5/surefire-3.2.5.pom
2024-06-19 14:25:15,429 [Worker-14: Creating maven-archetype-quickstart] INFO  o.e.m.c.i.e.AbstractTransferListenerAdapter - Downloading https://repo.maven.apache.org/maven2/org/apache/maven/plugins/maven-jar-plugin/3.4.1/maven-jar-plugin-3.4.1.pom
2024-06-19 14:25:15,432 [Worker-14: Creating maven-archetype-quickstart] INFO  o.e.m.c.i.e.AbstractTransferListenerAdapter - Downloaded https://repo.maven.apache.org/maven2/org/apache/maven/plugins/maven-jar-plugin/3.4.1/maven-jar-plugin-3.4.1.pom
2024-06-19 14:25:15,452 [Worker-14: Creating maven-archetype-quickstart] INFO  o.e.m.c.i.e.AbstractTransferListenerAdapter - Downloading https://repo.maven.apache.org/maven2/org/apache/maven/plugins/maven-plugins/42/maven-plugins-42.pom
2024-06-19 14:25:15,456 [Worker-14: Creating maven-archetype-quickstart] INFO  o.e.m.c.i.e.AbstractTransferListenerAdapter - Downloaded https://repo.maven.apache.org/maven2/org/apache/maven/plugins/maven-plugins/42/maven-plugins-42.pom
2024-06-19 14:25:15,468 [Worker-14: Creating maven-archetype-quickstart] INFO  o.e.m.c.i.e.AbstractTransferListenerAdapter - Downloading https://repo.maven.apache.org/maven2/org/apache/maven/maven-parent/42/maven-parent-42.pom
2024-06-19 14:25:15,472 [Worker-14: Creating maven-archetype-quickstart] INFO  o.e.m.c.i.e.AbstractTransferListenerAdapter - Downloaded https://repo.maven.apache.org/maven2/org/apache/maven/maven-parent/42/maven-parent-42.pom
2024-06-19 14:25:15,485 [Worker-14: Creating maven-archetype-quickstart] INFO  o.e.m.c.i.e.AbstractTransferListenerAdapter - Downloading https://repo.maven.apache.org/maven2/org/apache/apache/32/apache-32.pom
2024-06-19 14:25:15,489 [Worker-14: Creating maven-archetype-quickstart] INFO  o.e.m.c.i.e.AbstractTransferListenerAdapter - Downloaded https://repo.maven.apache.org/maven2/org/apache/apache/32/apache-32.pom
2024-06-19 14:25:15,514 [Worker-14: Creating maven-archetype-quickstart] INFO  o.e.m.c.i.e.AbstractTransferListenerAdapter - Downloading https://repo.maven.apache.org/maven2/org/apache/maven/shared/file-management/3.1.0/file-management-3.1.0.pom
2024-06-19 14:25:15,518 [Worker-14: Creating maven-archetype-quickstart] INFO  o.e.m.c.i.e.AbstractTransferListenerAdapter - Downloaded https://repo.maven.apache.org/maven2/org/apache/maven/shared/file-management/3.1.0/file-management-3.1.0.pom
2024-06-19 14:25:15,532 [Worker-14: Creating maven-archetype-quickstart] INFO  o.e.m.c.i.e.AbstractTransferListenerAdapter - Downloading https://repo.maven.apache.org/maven2/org/apache/maven/shared/maven-shared-components/36/maven-shared-components-36.pom
2024-06-19 14:25:15,536 [Worker-14: Creating maven-archetype-quickstart] INFO  o.e.m.c.i.e.AbstractTransferListenerAdapter - Downloaded https://repo.maven.apache.org/maven2/org/apache/maven/shared/maven-shared-components/36/maven-shared-components-36.pom
2024-06-19 14:25:15,558 [Worker-14: Creating maven-archetype-quickstart] INFO  o.e.m.c.i.e.AbstractTransferListenerAdapter - Downloading https://repo.maven.apache.org/maven2/org/codehaus/plexus/plexus-utils/4.0.1/plexus-utils-4.0.1.pom
2024-06-19 14:25:15,562 [Worker-14: Creating maven-archetype-quickstart] INFO  o.e.m.c.i.e.AbstractTransferListenerAdapter - Downloaded https://repo.maven.apache.org/maven2/org/codehaus/plexus/plexus-utils/4.0.1/plexus-utils-4.0.1.pom
2024-06-19 14:25:15,582 [Worker-14: Creating maven-archetype-quickstart] INFO  o.e.m.c.i.e.AbstractTransferListenerAdapter - Downloading https://repo.maven.apache.org/maven2/commons-io/commons-io/2.16.1/commons-io-2.16.1.pom
2024-06-19 14:25:15,585 [Worker-14: Creating maven-archetype-quickstart] INFO  o.e.m.c.i.e.AbstractTransferListenerAdapter - Downloaded https://repo.maven.apache.org/maven2/commons-io/commons-io/2.16.1/commons-io-2.16.1.pom
2024-06-19 14:25:15,658 [Worker-14: Creating maven-archetype-quickstart] INFO  o.e.m.c.i.e.AbstractTransferListenerAdapter - Downloading https://repo.maven.apache.org/maven2/org/apache/commons/commons-parent/69/commons-parent-69.pom
2024-06-19 14:25:15,662 [Worker-14: Creating maven-archetype-quickstart] INFO  o.e.m.c.i.e.AbstractTransferListenerAdapter - Downloaded https://repo.maven.apache.org/maven2/org/apache/commons/commons-parent/69/commons-parent-69.pom
2024-06-19 14:25:15,711 [Worker-14: Creating maven-archetype-quickstart] INFO  o.e.m.c.i.e.AbstractTransferListenerAdapter - Downloading https://repo.maven.apache.org/maven2/org/apache/maven/maven-archiver/3.6.2/maven-archiver-3.6.2.pom
2024-06-19 14:25:15,714 [Worker-14: Creating maven-archetype-quickstart] INFO  o.e.m.c.i.e.AbstractTransferListenerAdapter - Downloaded https://repo.maven.apache.org/maven2/org/apache/maven/maven-archiver/3.6.2/maven-archiver-3.6.2.pom
2024-06-19 14:25:15,724 [Worker-14: Creating maven-archetype-quickstart] INFO  o.e.m.c.i.e.AbstractTransferListenerAdapter - Downloading https://repo.maven.apache.org/maven2/org/apache/maven/shared/maven-shared-components/41/maven-shared-components-41.pom
2024-06-19 14:25:15,727 [Worker-14: Creating maven-archetype-quickstart] INFO  o.e.m.c.i.e.AbstractTransferListenerAdapter - Downloaded https://repo.maven.apache.org/maven2/org/apache/maven/shared/maven-shared-components/41/maven-shared-components-41.pom
2024-06-19 14:25:15,775 [Worker-14: Creating maven-archetype-quickstart] INFO  o.e.m.c.i.e.AbstractTransferListenerAdapter - Downloading https://repo.maven.apache.org/maven2/org/codehaus/plexus/plexus-archiver/4.9.2/plexus-archiver-4.9.2.pom
2024-06-19 14:25:15,778 [Worker-14: Creating maven-archetype-quickstart] INFO  o.e.m.c.i.e.AbstractTransferListenerAdapter - Downloaded https://repo.maven.apache.org/maven2/org/codehaus/plexus/plexus-archiver/4.9.2/plexus-archiver-4.9.2.pom
2024-06-19 14:25:15,792 [Worker-14: Creating maven-archetype-quickstart] INFO  o.e.m.c.i.e.AbstractTransferListenerAdapter - Downloading https://repo.maven.apache.org/maven2/org/codehaus/plexus/plexus-io/3.4.2/plexus-io-3.4.2.pom
2024-06-19 14:25:15,795 [Worker-14: Creating maven-archetype-quickstart] INFO  o.e.m.c.i.e.AbstractTransferListenerAdapter - Downloaded https://repo.maven.apache.org/maven2/org/codehaus/plexus/plexus-io/3.4.2/plexus-io-3.4.2.pom
2024-06-19 14:25:15,810 [Worker-14: Creating maven-archetype-quickstart] INFO  o.e.m.c.i.e.AbstractTransferListenerAdapter - Downloading https://repo.maven.apache.org/maven2/org/codehaus/plexus/plexus/16/plexus-16.pom
2024-06-19 14:25:15,813 [Worker-14: Creating maven-archetype-quickstart] INFO  o.e.m.c.i.e.AbstractTransferListenerAdapter - Downloaded https://repo.maven.apache.org/maven2/org/codehaus/plexus/plexus/16/plexus-16.pom
2024-06-19 14:25:15,825 [Worker-14: Creating maven-archetype-quickstart] INFO  o.e.m.c.i.e.AbstractTransferListenerAdapter - Downloading https://repo.maven.apache.org/maven2/org/junit/junit-bom/5.10.1/junit-bom-5.10.1.pom
2024-06-19 14:25:15,829 [Worker-14: Creating maven-archetype-quickstart] INFO  o.e.m.c.i.e.AbstractTransferListenerAdapter - Downloaded https://repo.maven.apache.org/maven2/org/junit/junit-bom/5.10.1/junit-bom-5.10.1.pom
2024-06-19 14:25:15,846 [Worker-14: Creating maven-archetype-quickstart] INFO  o.e.m.c.i.e.AbstractTransferListenerAdapter - Downloading https://repo.maven.apache.org/maven2/org/apache/commons/commons-compress/1.26.1/commons-compress-1.26.1.pom
2024-06-19 14:25:15,849 [Worker-14: Creating maven-archetype-quickstart] INFO  o.e.m.c.i.e.AbstractTransferListenerAdapter - Downloaded https://repo.maven.apache.org/maven2/org/apache/commons/commons-compress/1.26.1/commons-compress-1.26.1.pom
2024-06-19 14:25:15,864 [Worker-14: Creating maven-archetype-quickstart] INFO  o.e.m.c.i.e.AbstractTransferListenerAdapter - Downloading https://repo.maven.apache.org/maven2/org/apache/commons/commons-parent/66/commons-parent-66.pom
2024-06-19 14:25:15,868 [Worker-14: Creating maven-archetype-quickstart] INFO  o.e.m.c.i.e.AbstractTransferListenerAdapter - Downloaded https://repo.maven.apache.org/maven2/org/apache/commons/commons-parent/66/commons-parent-66.pom
2024-06-19 14:25:15,888 [Worker-14: Creating maven-archetype-quickstart] INFO  o.e.m.c.i.e.AbstractTransferListenerAdapter - Downloading https://repo.maven.apache.org/maven2/commons-codec/commons-codec/1.16.1/commons-codec-1.16.1.pom
2024-06-19 14:25:15,892 [Worker-14: Creating maven-archetype-quickstart] INFO  o.e.m.c.i.e.AbstractTransferListenerAdapter - Downloaded https://repo.maven.apache.org/maven2/commons-codec/commons-codec/1.16.1/commons-codec-1.16.1.pom
2024-06-19 14:25:15,905 [Worker-14: Creating maven-archetype-quickstart] INFO  o.e.m.c.i.e.AbstractTransferListenerAdapter - Downloading https://repo.maven.apache.org/maven2/org/apache/commons/commons-lang3/3.14.0/commons-lang3-3.14.0.pom
2024-06-19 14:25:15,909 [Worker-14: Creating maven-archetype-quickstart] INFO  o.e.m.c.i.e.AbstractTransferListenerAdapter - Downloaded https://repo.maven.apache.org/maven2/org/apache/commons/commons-lang3/3.14.0/commons-lang3-3.14.0.pom
2024-06-19 14:25:15,922 [Worker-14: Creating maven-archetype-quickstart] INFO  o.e.m.c.i.e.AbstractTransferListenerAdapter - Downloading https://repo.maven.apache.org/maven2/org/apache/commons/commons-parent/64/commons-parent-64.pom
2024-06-19 14:25:15,927 [Worker-14: Creating maven-archetype-quickstart] INFO  o.e.m.c.i.e.AbstractTransferListenerAdapter - Downloaded https://repo.maven.apache.org/maven2/org/apache/commons/commons-parent/64/commons-parent-64.pom
2024-06-19 14:25:15,948 [Worker-14: Creating maven-archetype-quickstart] INFO  o.e.m.c.i.e.AbstractTransferListenerAdapter - Downloading https://repo.maven.apache.org/maven2/org/tukaani/xz/1.9/xz-1.9.pom
2024-06-19 14:25:15,953 [Worker-14: Creating maven-archetype-quickstart] INFO  o.e.m.c.i.e.AbstractTransferListenerAdapter - Downloaded https://repo.maven.apache.org/maven2/org/tukaani/xz/1.9/xz-1.9.pom
2024-06-19 14:25:15,977 [Worker-14: Creating maven-archetype-quickstart] INFO  o.e.m.c.i.e.AbstractTransferListenerAdapter - Downloading https://repo.maven.apache.org/maven2/com/github/luben/zstd-jni/1.5.5-11/zstd-jni-1.5.5-11.pom
2024-06-19 14:25:15,981 [Worker-14: Creating maven-archetype-quickstart] INFO  o.e.m.c.i.e.AbstractTransferListenerAdapter - Downloaded https://repo.maven.apache.org/maven2/com/github/luben/zstd-jni/1.5.5-11/zstd-jni-1.5.5-11.pom
2024-06-19 14:25:16,001 [Worker-14: Creating maven-archetype-quickstart] INFO  o.e.m.c.i.e.AbstractTransferListenerAdapter - Downloading https://repo.maven.apache.org/maven2/org/codehaus/plexus/plexus-interpolation/1.27/plexus-interpolation-1.27.pom
2024-06-19 14:25:16,006 [Worker-14: Creating maven-archetype-quickstart] INFO  o.e.m.c.i.e.AbstractTransferListenerAdapter - Downloaded https://repo.maven.apache.org/maven2/org/codehaus/plexus/plexus-interpolation/1.27/plexus-interpolation-1.27.pom
2024-06-19 14:25:16,037 [Worker-14: Creating maven-archetype-quickstart] INFO  o.e.m.c.i.e.AbstractTransferListenerAdapter - Downloading https://repo.maven.apache.org/maven2/org/apache/maven/shared/file-management/3.1.0/file-management-3.1.0.jar
2024-06-19 14:25:16,041 [Worker-14: Creating maven-archetype-quickstart] INFO  o.e.m.c.i.e.AbstractTransferListenerAdapter - Downloaded https://repo.maven.apache.org/maven2/org/apache/maven/shared/file-management/3.1.0/file-management-3.1.0.jar
2024-06-19 14:25:16,050 [BasicRepositoryConnector-repo.maven.apache.org-1-2] INFO  o.e.m.c.i.e.AbstractTransferListenerAdapter - Downloading https://repo.maven.apache.org/maven2/org/codehaus/plexus/plexus-interpolation/1.27/plexus-interpolation-1.27.jar
2024-06-19 14:25:16,052 [BasicRepositoryConnector-repo.maven.apache.org-1-1] INFO  o.e.m.c.i.e.AbstractTransferListenerAdapter - Downloading https://repo.maven.apache.org/maven2/org/apache/maven/maven-archiver/3.6.2/maven-archiver-3.6.2.jar
2024-06-19 14:25:16,053 [BasicRepositoryConnector-repo.maven.apache.org-1-0] INFO  o.e.m.c.i.e.AbstractTransferListenerAdapter - Downloading https://repo.maven.apache.org/maven2/commons-io/commons-io/2.16.1/commons-io-2.16.1.jar
2024-06-19 14:25:16,053 [BasicRepositoryConnector-repo.maven.apache.org-1-4] INFO  o.e.m.c.i.e.AbstractTransferListenerAdapter - Downloading https://repo.maven.apache.org/maven2/org/codehaus/plexus/plexus-archiver/4.9.2/plexus-archiver-4.9.2.jar
2024-06-19 14:25:16,054 [BasicRepositoryConnector-repo.maven.apache.org-1-3] INFO  o.e.m.c.i.e.AbstractTransferListenerAdapter - Downloading https://repo.maven.apache.org/maven2/org/codehaus/plexus/plexus-utils/4.0.1/plexus-utils-4.0.1.jar
2024-06-19 14:25:16,056 [BasicRepositoryConnector-repo.maven.apache.org-1-1] INFO  o.e.m.c.i.e.AbstractTransferListenerAdapter - Downloaded https://repo.maven.apache.org/maven2/org/apache/maven/maven-archiver/3.6.2/maven-archiver-3.6.2.jar
2024-06-19 14:25:16,059 [BasicRepositoryConnector-repo.maven.apache.org-1-2] INFO  o.e.m.c.i.e.AbstractTransferListenerAdapter - Downloaded https://repo.maven.apache.org/maven2/org/codehaus/plexus/plexus-interpolation/1.27/plexus-interpolation-1.27.jar
2024-06-19 14:25:16,075 [BasicRepositoryConnector-repo.maven.apache.org-1-2] INFO  o.e.m.c.i.e.AbstractTransferListenerAdapter - Downloading https://repo.maven.apache.org/maven2/org/apache/commons/commons-compress/1.26.1/commons-compress-1.26.1.jar
2024-06-19 14:25:16,077 [BasicRepositoryConnector-repo.maven.apache.org-1-1] INFO  o.e.m.c.i.e.AbstractTransferListenerAdapter - Downloading https://repo.maven.apache.org/maven2/org/codehaus/plexus/plexus-io/3.4.2/plexus-io-3.4.2.jar
2024-06-19 14:25:16,078 [BasicRepositoryConnector-repo.maven.apache.org-1-3] INFO  o.e.m.c.i.e.AbstractTransferListenerAdapter - Downloaded https://repo.maven.apache.org/maven2/org/codehaus/plexus/plexus-utils/4.0.1/plexus-utils-4.0.1.jar
2024-06-19 14:25:16,083 [BasicRepositoryConnector-repo.maven.apache.org-1-1] INFO  o.e.m.c.i.e.AbstractTransferListenerAdapter - Downloaded https://repo.maven.apache.org/maven2/org/codehaus/plexus/plexus-io/3.4.2/plexus-io-3.4.2.jar
2024-06-19 14:25:16,086 [BasicRepositoryConnector-repo.maven.apache.org-1-0] INFO  o.e.m.c.i.e.AbstractTransferListenerAdapter - Downloaded https://repo.maven.apache.org/maven2/commons-io/commons-io/2.16.1/commons-io-2.16.1.jar
2024-06-19 14:25:16,096 [BasicRepositoryConnector-repo.maven.apache.org-1-3] INFO  o.e.m.c.i.e.AbstractTransferListenerAdapter - Downloading https://repo.maven.apache.org/maven2/org/apache/commons/commons-lang3/3.14.0/commons-lang3-3.14.0.jar
2024-06-19 14:25:16,097 [BasicRepositoryConnector-repo.maven.apache.org-1-1] INFO  o.e.m.c.i.e.AbstractTransferListenerAdapter - Downloading https://repo.maven.apache.org/maven2/commons-codec/commons-codec/1.16.1/commons-codec-1.16.1.jar
2024-06-19 14:25:16,101 [BasicRepositoryConnector-repo.maven.apache.org-1-0] INFO  o.e.m.c.i.e.AbstractTransferListenerAdapter - Downloading https://repo.maven.apache.org/maven2/org/tukaani/xz/1.9/xz-1.9.jar
2024-06-19 14:25:16,103 [BasicRepositoryConnector-repo.maven.apache.org-1-4] INFO  o.e.m.c.i.e.AbstractTransferListenerAdapter - Downloaded https://repo.maven.apache.org/maven2/org/codehaus/plexus/plexus-archiver/4.9.2/plexus-archiver-4.9.2.jar
2024-06-19 14:25:16,125 [BasicRepositoryConnector-repo.maven.apache.org-1-0] INFO  o.e.m.c.i.e.AbstractTransferListenerAdapter - Downloaded https://repo.maven.apache.org/maven2/org/tukaani/xz/1.9/xz-1.9.jar
2024-06-19 14:25:16,134 [BasicRepositoryConnector-repo.maven.apache.org-1-4] INFO  o.e.m.c.i.e.AbstractTransferListenerAdapter - Downloading https://repo.maven.apache.org/maven2/com/github/luben/zstd-jni/1.5.5-11/zstd-jni-1.5.5-11.jar
2024-06-19 14:25:16,144 [BasicRepositoryConnector-repo.maven.apache.org-1-1] INFO  o.e.m.c.i.e.AbstractTransferListenerAdapter - Downloaded https://repo.maven.apache.org/maven2/commons-codec/commons-codec/1.16.1/commons-codec-1.16.1.jar
2024-06-19 14:25:16,157 [BasicRepositoryConnector-repo.maven.apache.org-1-2] INFO  o.e.m.c.i.e.AbstractTransferListenerAdapter - Downloaded https://repo.maven.apache.org/maven2/org/apache/commons/commons-compress/1.26.1/commons-compress-1.26.1.jar
2024-06-19 14:25:16,163 [BasicRepositoryConnector-repo.maven.apache.org-1-3] INFO  o.e.m.c.i.e.AbstractTransferListenerAdapter - Downloaded https://repo.maven.apache.org/maven2/org/apache/commons/commons-lang3/3.14.0/commons-lang3-3.14.0.jar
2024-06-19 14:25:16,370 [BasicRepositoryConnector-repo.maven.apache.org-1-4] INFO  o.e.m.c.i.e.AbstractTransferListenerAdapter - Downloaded https://repo.maven.apache.org/maven2/com/github/luben/zstd-jni/1.5.5-11/zstd-jni-1.5.5-11.jar
2024-06-19 14:25:16,727 [Worker-14: Creating maven-archetype-quickstart] INFO  o.e.m.c.i.e.AbstractTransferListenerAdapter - Downloading https://repo.maven.apache.org/maven2/org/codehaus/plexus/plexus-utils/3.5.1/plexus-utils-3.5.1.pom
2024-06-19 14:25:16,731 [Worker-14: Creating maven-archetype-quickstart] INFO  o.e.m.c.i.e.AbstractTransferListenerAdapter - Downloaded https://repo.maven.apache.org/maven2/org/codehaus/plexus/plexus-utils/3.5.1/plexus-utils-3.5.1.pom
2024-06-19 14:25:16,753 [Worker-14: Creating maven-archetype-quickstart] INFO  o.e.m.c.i.e.AbstractTransferListenerAdapter - Downloading https://repo.maven.apache.org/maven2/org/codehaus/plexus/plexus/10/plexus-10.pom
2024-06-19 14:25:16,757 [Worker-14: Creating maven-archetype-quickstart] INFO  o.e.m.c.i.e.AbstractTransferListenerAdapter - Downloaded https://repo.maven.apache.org/maven2/org/codehaus/plexus/plexus/10/plexus-10.pom
2024-06-19 14:25:16,769 [Worker-14: Creating maven-archetype-quickstart] INFO  o.e.m.c.i.e.AbstractTransferListenerAdapter - Downloading https://repo.maven.apache.org/maven2/org/apache/maven/shared/maven-filtering/3.3.1/maven-filtering-3.3.1.pom
2024-06-19 14:25:16,773 [Worker-14: Creating maven-archetype-quickstart] INFO  o.e.m.c.i.e.AbstractTransferListenerAdapter - Downloaded https://repo.maven.apache.org/maven2/org/apache/maven/shared/maven-filtering/3.3.1/maven-filtering-3.3.1.pom
2024-06-19 14:25:16,793 [Worker-14: Creating maven-archetype-quickstart] INFO  o.e.m.c.i.e.AbstractTransferListenerAdapter - Downloading https://repo.maven.apache.org/maven2/org/codehaus/plexus/plexus-utils/3.5.0/plexus-utils-3.5.0.pom
2024-06-19 14:25:16,797 [Worker-14: Creating maven-archetype-quickstart] INFO  o.e.m.c.i.e.AbstractTransferListenerAdapter - Downloaded https://repo.maven.apache.org/maven2/org/codehaus/plexus/plexus-utils/3.5.0/plexus-utils-3.5.0.pom
2024-06-19 14:25:16,829 [Worker-14: Creating maven-archetype-quickstart] INFO  o.e.m.c.i.e.AbstractTransferListenerAdapter - Downloading https://repo.maven.apache.org/maven2/org/codehaus/plexus/plexus-utils/3.5.1/plexus-utils-3.5.1.jar
2024-06-19 14:25:16,836 [Worker-14: Creating maven-archetype-quickstart] INFO  o.e.m.c.i.e.AbstractTransferListenerAdapter - Downloaded https://repo.maven.apache.org/maven2/org/codehaus/plexus/plexus-utils/3.5.1/plexus-utils-3.5.1.jar
2024-06-19 14:25:16,843 [BasicRepositoryConnector-repo.maven.apache.org-2-0] INFO  o.e.m.c.i.e.AbstractTransferListenerAdapter - Downloading https://repo.maven.apache.org/maven2/org/apache/maven/shared/maven-filtering/3.3.1/maven-filtering-3.3.1.jar
2024-06-19 14:25:16,848 [BasicRepositoryConnector-repo.maven.apache.org-2-0] INFO  o.e.m.c.i.e.AbstractTransferListenerAdapter - Downloaded https://repo.maven.apache.org/maven2/org/apache/maven/shared/maven-filtering/3.3.1/maven-filtering-3.3.1.jar
2024-06-19 14:25:16,888 [Worker-14: Creating maven-archetype-quickstart] INFO  o.e.m.j.i.AbstractJavaProjectConfigurator - Adding source folder /demo/src/main/java
2024-06-19 14:25:16,890 [Worker-14: Creating maven-archetype-quickstart] INFO  o.e.m.j.i.AbstractJavaProjectConfigurator - Adding resource folder /demo/src/main/resources
2024-06-19 14:25:16,892 [Worker-14: Creating maven-archetype-quickstart] INFO  o.e.m.j.i.AbstractJavaProjectConfigurator - Adding source folder /demo/src/test/java
2024-06-19 14:25:16,893 [Worker-14: Creating maven-archetype-quickstart] INFO  o.e.m.j.i.AbstractJavaProjectConfigurator - Adding resource folder /demo/src/test/resources
2024-06-19 14:25:16,975 [Worker-14: Creating maven-archetype-quickstart] INFO  o.e.m.c.i.p.ProjectConfigurationManager - Imported and configured 1 project(s) in 2 sec
2024-06-19 14:25:17,694 [Worker-14: Download sources and javadoc] INFO  o.e.m.c.i.e.AbstractTransferListenerAdapter - Downloading https://repo.maven.apache.org/maven2/junit/junit/3.8.1/junit-3.8.1-sources.jar
2024-06-19 14:25:17,702 [Worker-14: Download sources and javadoc] INFO  o.e.m.c.i.e.AbstractTransferListenerAdapter - Downloaded https://repo.maven.apache.org/maven2/junit/junit/3.8.1/junit-3.8.1-sources.jar
2024-06-19 14:25:17,705 [Worker-14: Download sources and javadoc] INFO  o.e.m.j.internal.DownloadSourcesJob - Downloaded sources for junit:junit:3.8.1
2024-06-19 14:25:18,027 [Worker-6: Building] INFO  o.a.m.s.f.DefaultMavenResourcesFiltering - skip non existing resourceDirectory D:\Automation testing\demo\src\main\resources
2024-06-19 14:25:18,030 [Worker-6: Building] INFO  o.a.m.s.f.DefaultMavenResourcesFiltering - skip non existing resourceDirectory D:\Automation testing\demo\src\test\resources
